     1 00000000                                 ;a_nask
     2 00000000                                 ;TAB=4
     3 00000000                                 
     4 00000000                                 [FORMAT "WCOFF"]
     5 00000000                                 [INSTRSET "i486p"]
     6 00000000                                 [BITS 32]
     7 00000000                                 [FILE "a_nask.nas"]
     8 00000000                                 
     9 00000000                                 		GLOBAL 	_api_putchar
    10 00000000                                 		GLOBAL 	_api_end
    11 00000000                                 		GLOBAL 	_api_putstr
    12 00000000                                 		GLOBAL 	_api_openwin
    13 00000000                                 		GLOBAL 	_api_putstrwin
    14 00000000                                 		GLOBAL 	_api_boxfillwin
    15 00000000                                 		GLOBAL 	_api_initmalloc
    16 00000000                                 		GLOBAL 	_api_malloc
    17 00000000                                 		GLOBAL 	_api_free
    18 00000000                                 		GLOBAL 	_api_point
    19 00000000                                 		GLOBAL 	_api_refreshwin
    20 00000000                                 
    21                                          [SECTION .text]
    22 00000000                                 
    23 00000000                                 _api_putchar: 								;void api_putchar(int c);
    24 00000000 BA 00000001                     		MOV 	EDX, 1
    25 00000005 8A 44 24 04                     		MOV 	AL, [ESP+4]
    26 00000009 CD 40                           		INT 	0x40
    27 0000000B C3                              		RET
    28 0000000C                                 
    29 0000000C                                 _api_end:
    30 0000000C BA 00000004                     		MOV 	EDX, 4
    31 00000011 CD 40                           		INT 	0x40
    32 00000013                                 
    33 00000013                                 _api_putstr:
    34 00000013 53                              		PUSH 	EBX
    35 00000014 BA 00000002                     		MOV 	EDX, 2
    36 00000019 8B 5C 24 08                     		MOV 	EBX, [ESP+8]
    37 0000001D CD 40                           		INT 	0x40
    38 0000001F 5B                              		POP 	EBX
    39 00000020 C3                              		RET
    40 00000021                                 
    41 00000021                                 _api_openwin: ; int api_openwin(char *buf, int xsiz, int ysiz, int col_inv, char *title)
    42 00000021 57                              		PUSH 	EDI
    43 00000022 56                              		PUSH 	ESI
    44 00000023 53                              		PUSH 	EBX
    45 00000024 BA 00000005                     		MOV 	EDX, 5
    46 00000029 8B 5C 24 10                     		MOV 	EBX, [ESP+12+4] 			; buf
    47 0000002D 8B 74 24 14                     		MOV 	ESI, [ESP+12+8] 			; xsiz
    48 00000031 8B 7C 24 18                     		MOV 	EDI, [ESP+12+12] 			; ysiz
    49 00000035 8B 44 24 1C                     		MOV 	EAX, [ESP+12+16] 			; col_inv
    50 00000039 8B 4C 24 20                     		MOV 	ECX, [ESP+12+20] 			; title
    51 0000003D CD 40                           		INT 	0x40
    52 0000003F 5B                              		POP 	EBX
    53 00000040 5E                              		POP 	ESI
    54 00000041 5F                              		POP 	EDI
    55 00000042 C3                              		RET
    56 00000043                                 
    57 00000043                                 _api_putstrwin: ; void api_putstrwin(int win, int x, int y, int col, int len, char *str)
    58 00000043 57                              		PUSH 	EDI
    59 00000044 56                              		PUSH 	ESI
    60 00000045 55                              		PUSH 	EBP
    61 00000046 53                              		PUSH 	EBX
    62 00000047 BA 00000006                     		MOV 	EDX, 6
    63 0000004C 8B 5C 24 14                     		MOV 	EBX, [ESP+16+4]
    64 00000050 8B 74 24 18                     		MOV 	ESI, [ESP+16+8]
    65 00000054 8B 7C 24 1C                     		MOV 	EDI, [ESP+16+12]
    66 00000058 8B 44 24 20                     		MOV 	EAX, [ESP+16+16]
    67 0000005C 8B 4C 24 24                     		MOV 	ECX, [ESP+16+20]
    68 00000060 8B 6C 24 28                     		MOV 	EBP, [ESP+16+24]
    69 00000064 CD 40                           		INT 	0x40
    70 00000066 5B                              		POP 	EBX
    71 00000067 5D                              		POP 	EBP
    72 00000068 5E                              		POP 	ESI
    73 00000069 5F                              		POP 	EDI
    74 0000006A C3                              		RET
    75 0000006B                                 
    76 0000006B                                 _api_boxfillwin: ; void api_boxfillwin(int win, int x0, int y0, int x1, inty1, int col)
    77 0000006B 57                              		PUSH 	EDI
    78 0000006C 56                              		PUSH 	ESI
    79 0000006D 55                              		PUSH 	EBP
    80 0000006E 53                              		PUSH 	EBX
    81 0000006F BA 00000007                     		MOV 	EDX, 7
    82 00000074 8B 5C 24 14                     		MOV 	EBX, [ESP+16+4]
    83 00000078 8B 44 24 18                     		MOV 	EAX, [ESP+16+8]
    84 0000007C 8B 4C 24 1C                     		MOV 	ECX, [ESP+16+12]
    85 00000080 8B 74 24 20                     		MOV 	ESI, [ESP+16+16]
    86 00000084 8B 7C 24 24                     		MOV 	EDI, [ESP+16+20]
    87 00000088 8B 6C 24 28                     		MOV 	EBP, [ESP+16+24]
    88 0000008C CD 40                           		INT 	0x40
    89 0000008E 5B                              		POP 	EBX
    90 0000008F 5D                              		POP 	EBP
    91 00000090 5E                              		POP 	ESI
    92 00000091 5F                              		POP 	EDI
    93 00000092 C3                              		RET
    94 00000093                                 
    95 00000093                                 _api_initmalloc: ; void api_initmalloc(void)
    96 00000093 53                              		PUSH 	EBX
    97 00000094 BA 00000008                     		MOV 	EDX, 8
    98 00000099 2E 8B 1D 00000020               		MOV 	EBX, [CS:0x0020]
    99 000000A0 89 D8                           		MOV 	EAX, EBX
   100 000000A2 05 00008000                     		ADD 	EAX, 32*1024
   101 000000A7 2E 8B 0D 00000000               		MOV 	ECX, [CS:0x0000]
   102 000000AE 29 C1                           		SUB 	ECX, EAX
   103 000000B0 CD 40                           		INT 	0x40
   104 000000B2 5B                              		POP 	EBX
   105 000000B3 C3                              		RET
   106 000000B4                                 
   107 000000B4                                 _api_malloc: ; char *api_malloc(int size)
   108 000000B4 53                              		PUSH 	EBX
   109 000000B5 BA 00000009                     		MOV 	EDX, 9
   110 000000BA 2E 8B 1D 00000020               		MOV 	EBX, [CS:0x0020]
   111 000000C1 8B 4C 24 08                     		MOV 	ECX, [ESP+4+4]
   112 000000C5 CD 40                           		INT 	0x40
   113 000000C7 5B                              		POP 	EBX
   114 000000C8 C3                              		RET
   115 000000C9                                 
   116 000000C9                                 _api_free: ; void api_free(char *addr, int size)
   117 000000C9 53                              		PUSH 	EBX
   118 000000CA BA 0000000A                     		MOV 	EDX, 10
   119 000000CF 2E 8B 1D 00000020               		MOV 	EBX, [CS:0x0020]
   120 000000D6 8B 44 24 08                     		MOV 	EAX, [ESP+4+4]
   121 000000DA 8B 4C 24 0C                     		MOV 	ECX, [ESP+4+8]
   122 000000DE CD 40                           		INT 	0x40
   123 000000E0 5B                              		POP 	EBX
   124 000000E1 C3                              		RET
   125 000000E2                                 
   126 000000E2                                 _api_point: ; void api_point(int win, int x, int y, int col)
   127 000000E2 57                              		PUSH 	EDI
   128 000000E3 56                              		PUSH 	ESI
   129 000000E4 53                              		PUSH 	EBX
   130 000000E5 BA 0000000B                     		MOV 	EDX, 11
   131 000000EA 8B 5C 24 10                     		MOV 	EBX, [ESP+12+4]
   132 000000EE 8B 74 24 14                     		MOV 	ESI, [ESP+12+8]
   133 000000F2 8B 7C 24 18                     		MOV 	EDI, [ESP+12+12]
   134 000000F6 8B 44 24 1C                     		MOV 	EAX, [ESP+12+16]
   135 000000FA CD 40                           		INT 	0x40
   136 000000FC 5B                              		POP 	EBX
   137 000000FD 5E                              		POP 	ESI
   138 000000FE 5F                              		POP 	EDI
   139 000000FF C3                              		RET
   140 00000100                                 
   141 00000100                                 _api_refreshwin: ; void api_refreshwin(int win, int x0, int y0, int x1, int y1)
   142 00000100 57                              		PUSH 	EDI
   143 00000101 56                              		PUSH 	ESI
   144 00000102 53                              		PUSH 	EBX
   145 00000103 BA 0000000C                     		MOV 	EDX, 12
   146 00000108 8B 5C 24 10                     		MOV 	EBX, [ESP+12+4]
   147 0000010C 8B 44 24 14                     		MOV 	EAX, [ESP+12+8]
   148 00000110 8B 4C 24 18                     		MOV 	ECX, [ESP+12+12]
   149 00000114 8B 74 24 1C                     		MOV 	ESI, [ESP+12+16]
   150 00000118 8B 7C 24 20                     		MOV 	EDI, [ESP+12+20]
   151 0000011C CD 40                           		INT 	0x40
   152 0000011E 5B                              		POP 	EBX
   153 0000011F 5E                              		POP 	ESI
   154 00000120 5F                              		POP 	EDI
   155 00000121 C3                              		RET