     1 00000000                                 [FORMAT "WCOFF"]
     2 00000000                                 [INSTRSET "i486p"]
     3 00000000                                 [OPTIMIZE 1]
     4 00000000                                 [OPTION 1]
     5 00000000                                 [BITS 32]
     6 00000000                                 	EXTERN	_init_gdtidt
     7 00000000                                 	EXTERN	_init_pic
     8 00000000                                 	EXTERN	_init_pit
     9 00000000                                 	EXTERN	_io_sti
    10 00000000                                 	EXTERN	_fifo32_init
    11 00000000                                 	EXTERN	_init_keyboard
    12 00000000                                 	EXTERN	_enable_mouse
    13 00000000                                 	EXTERN	_io_out8
    14 00000000                                 	EXTERN	_memtest
    15 00000000                                 	EXTERN	_memman_init
    16 00000000                                 	EXTERN	_memman_free
    17 00000000                                 	EXTERN	_task_init
    18 00000000                                 	EXTERN	_task_run
    19 00000000                                 	EXTERN	_init_palette
    20 00000000                                 	EXTERN	_shtctl_init
    21 00000000                                 	EXTERN	_sheet_alloc
    22 00000000                                 	EXTERN	_memman_alloc_4k
    23 00000000                                 	EXTERN	_sheet_setbuf
    24 00000000                                 	EXTERN	_init_screen8
    25 00000000                                 	EXTERN	_make_window8
    26 00000000                                 	EXTERN	_make_textbox8
    27 00000000                                 	EXTERN	_task_alloc
    28 00000000                                 	EXTERN	_console_task
    29 00000000                                 	EXTERN	_timer_alloc
    30 00000000                                 	EXTERN	_timer_init
    31 00000000                                 	EXTERN	_timer_settime
    32 00000000                                 	EXTERN	_init_mouse_cursor8
    33 00000000                                 	EXTERN	_sheet_slide
    34 00000000                                 	EXTERN	_sheet_updown
    35 00000000                                 	EXTERN	_fifo32_put
    36 00000000                                 	EXTERN	_fifo32_status
    37 00000000                                 	EXTERN	_io_cli
    38 00000000                                 	EXTERN	_fifo32_get
    39 00000000                                 	EXTERN	_boxfill8
    40 00000000                                 	EXTERN	_sheet_refresh
    41 00000000                                 	EXTERN	_putfonts8_asc_sht
    42 00000000                                 	EXTERN	_mouse_decode
    43 00000000                                 	EXTERN	_keytable0.0
    44 00000000                                 	EXTERN	_make_wtitle8
    45 00000000                                 	EXTERN	_wait_KBC_sendready
    46 00000000                                 	EXTERN	_cons_putstr
    47 00000000                                 	EXTERN	_asm_end_app
    48 00000000                                 	EXTERN	_keytable1.1
    49 00000000                                 	EXTERN	_task_sleep
    50 00000000                                 [FILE "bootpack.c"]
    51                                          [SECTION .data]
    52 00000000                                 _keytable0.0:
    53 00000000 00                              	DB	0
    54 00000001 00                              	DB	0
    55 00000002 31                              	DB	49
    56 00000003 32                              	DB	50
    57 00000004 33                              	DB	51
    58 00000005 34                              	DB	52
    59 00000006 35                              	DB	53
    60 00000007 36                              	DB	54
    61 00000008 37                              	DB	55
    62 00000009 38                              	DB	56
    63 0000000A 39                              	DB	57
    64 0000000B 30                              	DB	48
    65 0000000C 2D                              	DB	45
    66 0000000D 5E                              	DB	94
    67 0000000E 00                              	DB	0
    68 0000000F 00                              	DB	0
    69 00000010 51                              	DB	81
    70 00000011 57                              	DB	87
    71 00000012 45                              	DB	69
    72 00000013 52                              	DB	82
    73 00000014 54                              	DB	84
    74 00000015 59                              	DB	89
    75 00000016 55                              	DB	85
    76 00000017 49                              	DB	73
    77 00000018 4F                              	DB	79
    78 00000019 50                              	DB	80
    79 0000001A 40                              	DB	64
    80 0000001B 5B                              	DB	91
    81 0000001C 00                              	DB	0
    82 0000001D 00                              	DB	0
    83 0000001E 41                              	DB	65
    84 0000001F 53                              	DB	83
    85 00000020 44                              	DB	68
    86 00000021 46                              	DB	70
    87 00000022 47                              	DB	71
    88 00000023 48                              	DB	72
    89 00000024 4A                              	DB	74
    90 00000025 4B                              	DB	75
    91 00000026 4C                              	DB	76
    92 00000027 3B                              	DB	59
    93 00000028 3A                              	DB	58
    94 00000029 00                              	DB	0
    95 0000002A 00                              	DB	0
    96 0000002B 5D                              	DB	93
    97 0000002C 5A                              	DB	90
    98 0000002D 58                              	DB	88
    99 0000002E 43                              	DB	67
   100 0000002F 56                              	DB	86
   101 00000030 42                              	DB	66
   102 00000031 4E                              	DB	78
   103 00000032 4D                              	DB	77
   104 00000033 2C                              	DB	44
   105 00000034 2E                              	DB	46
   106 00000035 2F                              	DB	47
   107 00000036 00                              	DB	0
   108 00000037 2A                              	DB	42
   109 00000038 00                              	DB	0
   110 00000039 20                              	DB	32
   111 0000003A 00                              	DB	0
   112 0000003B 00                              	DB	0
   113 0000003C 00                              	DB	0
   114 0000003D 00                              	DB	0
   115 0000003E 00                              	DB	0
   116 0000003F 00                              	DB	0
   117 00000040 00                              	DB	0
   118 00000041 00                              	DB	0
   119 00000042 00                              	DB	0
   120 00000043 00                              	DB	0
   121 00000044 00                              	DB	0
   122 00000045 00                              	DB	0
   123 00000046 00                              	DB	0
   124 00000047 37                              	DB	55
   125 00000048 38                              	DB	56
   126 00000049 39                              	DB	57
   127 0000004A 2D                              	DB	45
   128 0000004B 34                              	DB	52
   129 0000004C 35                              	DB	53
   130 0000004D 36                              	DB	54
   131 0000004E 2B                              	DB	43
   132 0000004F 31                              	DB	49
   133 00000050 32                              	DB	50
   134 00000051 33                              	DB	51
   135 00000052 30                              	DB	48
   136 00000053 2E                              	DB	46
   137 00000054 00                              	DB	0
   138 00000055 00                              	DB	0
   139 00000056 00                              	DB	0
   140 00000057 00                              	DB	0
   141 00000058 00                              	DB	0
   142 00000059 00                              	DB	0
   143 0000005A 00                              	DB	0
   144 0000005B 00                              	DB	0
   145 0000005C 00                              	DB	0
   146 0000005D 00                              	DB	0
   147 0000005E 00                              	DB	0
   148 0000005F 00                              	DB	0
   149 00000060 00                              	DB	0
   150 00000061 00                              	DB	0
   151 00000062 00                              	DB	0
   152 00000063 00                              	DB	0
   153 00000064 00                              	DB	0
   154 00000065 00                              	DB	0
   155 00000066 00                              	DB	0
   156 00000067 00                              	DB	0
   157 00000068 00                              	DB	0
   158 00000069 00                              	DB	0
   159 0000006A 00                              	DB	0
   160 0000006B 00                              	DB	0
   161 0000006C 00                              	DB	0
   162 0000006D 00                              	DB	0
   163 0000006E 00                              	DB	0
   164 0000006F 00                              	DB	0
   165 00000070 00                              	DB	0
   166 00000071 00                              	DB	0
   167 00000072 00                              	DB	0
   168 00000073 5C                              	DB	92
   169 00000074 00                              	DB	0
   170 00000075 00                              	DB	0
   171 00000076 00                              	DB	0
   172 00000077 00                              	DB	0
   173 00000078 00                              	DB	0
   174 00000079 00                              	DB	0
   175 0000007A 00                              	DB	0
   176 0000007B 00                              	DB	0
   177 0000007C 00                              	DB	0
   178 0000007D 5C                              	DB	92
   179 0000007E 00                              	DB	0
   180 0000007F 00                              	DB	0
   181 00000080                                 _keytable1.1:
   182 00000080 00                              	DB	0
   183 00000081 00                              	DB	0
   184 00000082 21                              	DB	33
   185 00000083 22                              	DB	34
   186 00000084 23                              	DB	35
   187 00000085 24                              	DB	36
   188 00000086 25                              	DB	37
   189 00000087 26                              	DB	38
   190 00000088 27                              	DB	39
   191 00000089 28                              	DB	40
   192 0000008A 29                              	DB	41
   193 0000008B 7E                              	DB	126
   194 0000008C 3D                              	DB	61
   195 0000008D 7E                              	DB	126
   196 0000008E 00                              	DB	0
   197 0000008F 00                              	DB	0
   198 00000090 51                              	DB	81
   199 00000091 57                              	DB	87
   200 00000092 45                              	DB	69
   201 00000093 52                              	DB	82
   202 00000094 54                              	DB	84
   203 00000095 59                              	DB	89
   204 00000096 55                              	DB	85
   205 00000097 49                              	DB	73
   206 00000098 4F                              	DB	79
   207 00000099 50                              	DB	80
   208 0000009A 60                              	DB	96
   209 0000009B 7B                              	DB	123
   210 0000009C 00                              	DB	0
   211 0000009D 00                              	DB	0
   212 0000009E 41                              	DB	65
   213 0000009F 53                              	DB	83
   214 000000A0 44                              	DB	68
   215 000000A1 46                              	DB	70
   216 000000A2 47                              	DB	71
   217 000000A3 48                              	DB	72
   218 000000A4 4A                              	DB	74
   219 000000A5 4B                              	DB	75
   220 000000A6 4C                              	DB	76
   221 000000A7 2B                              	DB	43
   222 000000A8 2A                              	DB	42
   223 000000A9 00                              	DB	0
   224 000000AA 00                              	DB	0
   225 000000AB 7D                              	DB	125
   226 000000AC 5A                              	DB	90
   227 000000AD 58                              	DB	88
   228 000000AE 43                              	DB	67
   229 000000AF 56                              	DB	86
   230 000000B0 42                              	DB	66
   231 000000B1 4E                              	DB	78
   232 000000B2 4D                              	DB	77
   233 000000B3 3C                              	DB	60
   234 000000B4 3E                              	DB	62
   235 000000B5 3F                              	DB	63
   236 000000B6 00                              	DB	0
   237 000000B7 2A                              	DB	42
   238 000000B8 00                              	DB	0
   239 000000B9 20                              	DB	32
   240 000000BA 00                              	DB	0
   241 000000BB 00                              	DB	0
   242 000000BC 00                              	DB	0
   243 000000BD 00                              	DB	0
   244 000000BE 00                              	DB	0
   245 000000BF 00                              	DB	0
   246 000000C0 00                              	DB	0
   247 000000C1 00                              	DB	0
   248 000000C2 00                              	DB	0
   249 000000C3 00                              	DB	0
   250 000000C4 00                              	DB	0
   251 000000C5 00                              	DB	0
   252 000000C6 00                              	DB	0
   253 000000C7 37                              	DB	55
   254 000000C8 38                              	DB	56
   255 000000C9 39                              	DB	57
   256 000000CA 2D                              	DB	45
   257 000000CB 34                              	DB	52
   258 000000CC 35                              	DB	53
   259 000000CD 36                              	DB	54
   260 000000CE 2B                              	DB	43
   261 000000CF 31                              	DB	49
   262 000000D0 32                              	DB	50
   263 000000D1 33                              	DB	51
   264 000000D2 30                              	DB	48
   265 000000D3 2E                              	DB	46
   266 000000D4 00                              	DB	0
   267 000000D5 00                              	DB	0
   268 000000D6 00                              	DB	0
   269 000000D7 00                              	DB	0
   270 000000D8 00                              	DB	0
   271 000000D9 00                              	DB	0
   272 000000DA 00                              	DB	0
   273 000000DB 00                              	DB	0
   274 000000DC 00                              	DB	0
   275 000000DD 00                              	DB	0
   276 000000DE 00                              	DB	0
   277 000000DF 00                              	DB	0
   278 000000E0 00                              	DB	0
   279 000000E1 00                              	DB	0
   280 000000E2 00                              	DB	0
   281 000000E3 00                              	DB	0
   282 000000E4 00                              	DB	0
   283 000000E5 00                              	DB	0
   284 000000E6 00                              	DB	0
   285 000000E7 00                              	DB	0
   286 000000E8 00                              	DB	0
   287 000000E9 00                              	DB	0
   288 000000EA 00                              	DB	0
   289 000000EB 00                              	DB	0
   290 000000EC 00                              	DB	0
   291 000000ED 00                              	DB	0
   292 000000EE 00                              	DB	0
   293 000000EF 00                              	DB	0
   294 000000F0 00                              	DB	0
   295 000000F1 00                              	DB	0
   296 000000F2 00                              	DB	0
   297 000000F3 5F                              	DB	95
   298 000000F4 00                              	DB	0
   299 000000F5 00                              	DB	0
   300 000000F6 00                              	DB	0
   301 000000F7 00                              	DB	0
   302 000000F8 00                              	DB	0
   303 000000F9 00                              	DB	0
   304 000000FA 00                              	DB	0
   305 000000FB 00                              	DB	0
   306 000000FC 00                              	DB	0
   307 000000FD 7C                              	DB	124
   308 000000FE 00                              	DB	0
   309 000000FF 00                              	DB	0
   310 00000100                                 LC0:
   311 00000100 63 6F 6E 73 6F 6C 65 00         	DB	"console",0x00
   312 00000108                                 LC1:
   313 00000108 74 61 73 6B 5F 61 00            	DB	"task_a",0x00
   314 0000010F                                 LC5:
   315 0000010F 33 5B 53 65 63 5D 00            	DB	"3[Sec]",0x00
   316 00000116                                 LC4:
   317 00000116 31 30 5B 53 65 63 5D 00         	DB	"10[Sec]",0x00
   318 0000011E                                 LC3:
   319 0000011E 20 00                           	DB	" ",0x00
   320 00000120                                 LC2:
   321 00000120 0A 42 72 65 61 6B 28 6B 65 79   	DB	0x0A,"Break(key) :",0x0A,0x00
       0000012A 29 20 3A 0A 00 
   322                                          [SECTION .text]
   323 00000000                                 	GLOBAL	_HariMain
   324 00000000                                 _HariMain:
   325 00000000 55                              	PUSH	EBP
   326 00000001 89 E5                           	MOV	EBP,ESP
   327 00000003 57                              	PUSH	EDI
   328 00000004 56                              	PUSH	ESI
   329 00000005 53                              	PUSH	EBX
   330 00000006 81 EC 00000468                  	SUB	ESP,1128
   331 0000000C C7 85 FFFFFB9C 00000000         	MOV	DWORD [-1124+EBP],0
   332 00000016 C7 85 FFFFFB98 00000000         	MOV	DWORD [-1128+EBP],0
   333 00000020 A0 00000FF1                     	MOV	AL,BYTE [4081]
   334 00000025 C0 F8 04                        	SAR	AL,4
   335 00000028 89 C2                           	MOV	EDX,EAX
   336 0000002A 83 E2 07                        	AND	EDX,7
   337 0000002D 89 95 FFFFFB94                  	MOV	DWORD [-1132+EBP],EDX
   338 00000033 C7 85 FFFFFB90 FFFFFFFF         	MOV	DWORD [-1136+EBP],-1
   339 0000003D E8 [00000000]                   	CALL	_init_gdtidt
   340 00000042 E8 [00000000]                   	CALL	_init_pic
   341 00000047 E8 [00000000]                   	CALL	_init_pit
   342 0000004C E8 [00000000]                   	CALL	_io_sti
   343 00000051 8D 85 FFFFFCB4                  	LEA	EAX,DWORD [-844+EBP]
   344 00000057 6A 00                           	PUSH	0
   345 00000059 50                              	PUSH	EAX
   346 0000005A 8D 85 FFFFFC04                  	LEA	EAX,DWORD [-1020+EBP]
   347 00000060 68 00000080                     	PUSH	128
   348 00000065 50                              	PUSH	EAX
   349 00000066 E8 [00000000]                   	CALL	_fifo32_init
   350 0000006B 8D 95 FFFFFBE4                  	LEA	EDX,DWORD [-1052+EBP]
   351 00000071 6A 00                           	PUSH	0
   352 00000073 8D 85 FFFFFC34                  	LEA	EAX,DWORD [-972+EBP]
   353 00000079 50                              	PUSH	EAX
   354 0000007A 6A 20                           	PUSH	32
   355 0000007C 52                              	PUSH	EDX
   356 0000007D E8 [00000000]                   	CALL	_fifo32_init
   357 00000082 8D 85 FFFFFC04                  	LEA	EAX,DWORD [-1020+EBP]
   358 00000088 83 C4 20                        	ADD	ESP,32
   359 0000008B 68 00000100                     	PUSH	256
   360 00000090 50                              	PUSH	EAX
   361 00000091 E8 [00000000]                   	CALL	_init_keyboard
   362 00000096 8D 95 FFFFFC04                  	LEA	EDX,DWORD [-1020+EBP]
   363 0000009C 8D 85 FFFFFC24                  	LEA	EAX,DWORD [-988+EBP]
   364 000000A2 50                              	PUSH	EAX
   365 000000A3 68 00000200                     	PUSH	512
   366 000000A8 52                              	PUSH	EDX
   367 000000A9 E8 [00000000]                   	CALL	_enable_mouse
   368 000000AE 68 000000F8                     	PUSH	248
   369 000000B3 6A 21                           	PUSH	33
   370 000000B5 E8 [00000000]                   	CALL	_io_out8
   371 000000BA 68 000000EF                     	PUSH	239
   372 000000BF 68 000000A1                     	PUSH	161
   373 000000C4 E8 [00000000]                   	CALL	_io_out8
   374 000000C9 83 C4 24                        	ADD	ESP,36
   375 000000CC 68 BFFFFFFF                     	PUSH	-1073741825
   376 000000D1 68 00400000                     	PUSH	4194304
   377 000000D6 E8 [00000000]                   	CALL	_memtest
   378 000000DB 68 003C0000                     	PUSH	3932160
   379 000000E0 89 85 FFFFFBBC                  	MOV	DWORD [-1092+EBP],EAX
   380 000000E6 E8 [00000000]                   	CALL	_memman_init
   381 000000EB 68 0009E000                     	PUSH	647168
   382 000000F0 68 00001000                     	PUSH	4096
   383 000000F5 68 003C0000                     	PUSH	3932160
   384 000000FA E8 [00000000]                   	CALL	_memman_free
   385 000000FF 8B 85 FFFFFBBC                  	MOV	EAX,DWORD [-1092+EBP]
   386 00000105 2D 00400000                     	SUB	EAX,4194304
   387 0000010A 50                              	PUSH	EAX
   388 0000010B 68 00400000                     	PUSH	4194304
   389 00000110 68 003C0000                     	PUSH	3932160
   390 00000115 E8 [00000000]                   	CALL	_memman_free
   391 0000011A 83 C4 24                        	ADD	ESP,36
   392 0000011D 68 003C0000                     	PUSH	3932160
   393 00000122 E8 [00000000]                   	CALL	_task_init
   394 00000127 6A 00                           	PUSH	0
   395 00000129 6A 01                           	PUSH	1
   396 0000012B 50                              	PUSH	EAX
   397 0000012C 89 85 FFFFFBAC                  	MOV	DWORD [-1108+EBP],EAX
   398 00000132 89 85 FFFFFC1C                  	MOV	DWORD [-996+EBP],EAX
   399 00000138 E8 [00000000]                   	CALL	_task_run
   400 0000013D E8 [00000000]                   	CALL	_init_palette
   401 00000142 0F BF 05 00000FF6               	MOVSX	EAX,WORD [4086]
   402 00000149 50                              	PUSH	EAX
   403 0000014A 0F BF 05 00000FF4               	MOVSX	EAX,WORD [4084]
   404 00000151 50                              	PUSH	EAX
   405 00000152 FF 35 00000FF8                  	PUSH	DWORD [4088]
   406 00000158 68 003C0000                     	PUSH	3932160
   407 0000015D E8 [00000000]                   	CALL	_shtctl_init
   408 00000162 83 C4 20                        	ADD	ESP,32
   409 00000165 A3 00000FE4                     	MOV	DWORD [4068],EAX
   410 0000016A 89 C6                           	MOV	ESI,EAX
   411 0000016C 50                              	PUSH	EAX
   412 0000016D E8 [00000000]                   	CALL	_sheet_alloc
   413 00000172 0F BF 15 00000FF6               	MOVSX	EDX,WORD [4086]
   414 00000179 89 85 FFFFFBD0                  	MOV	DWORD [-1072+EBP],EAX
   415 0000017F 0F BF 05 00000FF4               	MOVSX	EAX,WORD [4084]
   416 00000186 0F AF C2                        	IMUL	EAX,EDX
   417 00000189 50                              	PUSH	EAX
   418 0000018A 68 003C0000                     	PUSH	3932160
   419 0000018F E8 [00000000]                   	CALL	_memman_alloc_4k
   420 00000194 6A FF                           	PUSH	-1
   421 00000196 89 C3                           	MOV	EBX,EAX
   422 00000198 0F BF 05 00000FF6               	MOVSX	EAX,WORD [4086]
   423 0000019F 50                              	PUSH	EAX
   424 000001A0 0F BF 05 00000FF4               	MOVSX	EAX,WORD [4084]
   425 000001A7 50                              	PUSH	EAX
   426 000001A8 53                              	PUSH	EBX
   427 000001A9 FF B5 FFFFFBD0                  	PUSH	DWORD [-1072+EBP]
   428 000001AF E8 [00000000]                   	CALL	_sheet_setbuf
   429 000001B4 83 C4 20                        	ADD	ESP,32
   430 000001B7 0F BF 05 00000FF6               	MOVSX	EAX,WORD [4086]
   431 000001BE 50                              	PUSH	EAX
   432 000001BF 0F BF 05 00000FF4               	MOVSX	EAX,WORD [4084]
   433 000001C6 50                              	PUSH	EAX
   434 000001C7 53                              	PUSH	EBX
   435 000001C8 8D 9D FFFFFEE4                  	LEA	EBX,DWORD [-284+EBP]
   436 000001CE E8 [00000000]                   	CALL	_init_screen8
   437 000001D3 56                              	PUSH	ESI
   438 000001D4 E8 [00000000]                   	CALL	_sheet_alloc
   439 000001D9 68 0000A500                     	PUSH	42240
   440 000001DE 68 003C0000                     	PUSH	3932160
   441 000001E3 89 85 FFFFFBC8                  	MOV	DWORD [-1080+EBP],EAX
   442 000001E9 E8 [00000000]                   	CALL	_memman_alloc_4k
   443 000001EE 6A FF                           	PUSH	-1
   444 000001F0 68 000000A5                     	PUSH	165
   445 000001F5 89 85 FFFFFBC0                  	MOV	DWORD [-1088+EBP],EAX
   446 000001FB 68 00000100                     	PUSH	256
   447 00000200 50                              	PUSH	EAX
   448 00000201 FF B5 FFFFFBC8                  	PUSH	DWORD [-1080+EBP]
   449 00000207 E8 [00000000]                   	CALL	_sheet_setbuf
   450 0000020C 83 C4 2C                        	ADD	ESP,44
   451 0000020F 6A 00                           	PUSH	0
   452 00000211 68 [00000100]                   	PUSH	LC0
   453 00000216 68 000000A5                     	PUSH	165
   454 0000021B 68 00000100                     	PUSH	256
   455 00000220 FF B5 FFFFFBC0                  	PUSH	DWORD [-1088+EBP]
   456 00000226 E8 [00000000]                   	CALL	_make_window8
   457 0000022B 6A 00                           	PUSH	0
   458 0000022D 68 00000080                     	PUSH	128
   459 00000232 68 000000F0                     	PUSH	240
   460 00000237 6A 1C                           	PUSH	28
   461 00000239 6A 08                           	PUSH	8
   462 0000023B FF B5 FFFFFBC8                  	PUSH	DWORD [-1080+EBP]
   463 00000241 E8 [00000000]                   	CALL	_make_textbox8
   464 00000246 83 C4 2C                        	ADD	ESP,44
   465 00000249 E8 [00000000]                   	CALL	_task_alloc
   466 0000024E 68 00010000                     	PUSH	65536
   467 00000253 68 003C0000                     	PUSH	3932160
   468 00000258 89 85 FFFFFBA8                  	MOV	DWORD [-1112+EBP],EAX
   469 0000025E E8 [00000000]                   	CALL	_memman_alloc_4k
   470 00000263 8B 95 FFFFFBA8                  	MOV	EDX,DWORD [-1112+EBP]
   471 00000269 05 0000FFF4                     	ADD	EAX,65524
   472 0000026E 89 42 64                        	MOV	DWORD [100+EDX],EAX
   473 00000271 C7 42 4C [00000000]             	MOV	DWORD [76+EDX],_console_task
   474 00000278 C7 42 74 00000008               	MOV	DWORD [116+EDX],8
   475 0000027F C7 42 78 00000010               	MOV	DWORD [120+EDX],16
   476 00000286 C7 42 7C 00000008               	MOV	DWORD [124+EDX],8
   477 0000028D C7 82 00000080 00000008         	MOV	DWORD [128+EDX],8
   478 00000297 C7 82 00000084 00000008         	MOV	DWORD [132+EDX],8
   479 000002A1 C7 82 00000088 00000008         	MOV	DWORD [136+EDX],8
   480 000002AB 8B 95 FFFFFBC8                  	MOV	EDX,DWORD [-1080+EBP]
   481 000002B1 89 50 04                        	MOV	DWORD [4+EAX],EDX
   482 000002B4 8B 95 FFFFFBA8                  	MOV	EDX,DWORD [-1112+EBP]
   483 000002BA 8B 42 64                        	MOV	EAX,DWORD [100+EDX]
   484 000002BD 8B 95 FFFFFBBC                  	MOV	EDX,DWORD [-1092+EBP]
   485 000002C3 89 50 08                        	MOV	DWORD [8+EAX],EDX
   486 000002C6 6A 02                           	PUSH	2
   487 000002C8 6A 02                           	PUSH	2
   488 000002CA FF B5 FFFFFBA8                  	PUSH	DWORD [-1112+EBP]
   489 000002D0 E8 [00000000]                   	CALL	_task_run
   490 000002D5 56                              	PUSH	ESI
   491 000002D6 E8 [00000000]                   	CALL	_sheet_alloc
   492 000002DB 68 00002080                     	PUSH	8320
   493 000002E0 68 003C0000                     	PUSH	3932160
   494 000002E5 89 C7                           	MOV	EDI,EAX
   495 000002E7 E8 [00000000]                   	CALL	_memman_alloc_4k
   496 000002EC 83 C4 20                        	ADD	ESP,32
   497 000002EF 6A FF                           	PUSH	-1
   498 000002F1 89 85 FFFFFBC4                  	MOV	DWORD [-1084+EBP],EAX
   499 000002F7 6A 34                           	PUSH	52
   500 000002F9 68 00000090                     	PUSH	144
   501 000002FE 50                              	PUSH	EAX
   502 000002FF 57                              	PUSH	EDI
   503 00000300 E8 [00000000]                   	CALL	_sheet_setbuf
   504 00000305 6A 01                           	PUSH	1
   505 00000307 68 [00000108]                   	PUSH	LC1
   506 0000030C 6A 34                           	PUSH	52
   507 0000030E 68 00000090                     	PUSH	144
   508 00000313 FF B5 FFFFFBC4                  	PUSH	DWORD [-1084+EBP]
   509 00000319 E8 [00000000]                   	CALL	_make_window8
   510 0000031E 83 C4 28                        	ADD	ESP,40
   511 00000321 6A 07                           	PUSH	7
   512 00000323 6A 10                           	PUSH	16
   513 00000325 68 00000080                     	PUSH	128
   514 0000032A 6A 1C                           	PUSH	28
   515 0000032C 6A 08                           	PUSH	8
   516 0000032E 57                              	PUSH	EDI
   517 0000032F E8 [00000000]                   	CALL	_make_textbox8
   518 00000334 C7 85 FFFFFBB4 00000008         	MOV	DWORD [-1100+EBP],8
   519 0000033E C7 85 FFFFFBB0 00000007         	MOV	DWORD [-1104+EBP],7
   520 00000348 E8 [00000000]                   	CALL	_timer_alloc
   521 0000034D 6A 01                           	PUSH	1
   522 0000034F 89 85 FFFFFBB8                  	MOV	DWORD [-1096+EBP],EAX
   523 00000355 8D 85 FFFFFC04                  	LEA	EAX,DWORD [-1020+EBP]
   524 0000035B 50                              	PUSH	EAX
   525 0000035C FF B5 FFFFFBB8                  	PUSH	DWORD [-1096+EBP]
   526 00000362 E8 [00000000]                   	CALL	_timer_init
   527 00000367 83 C4 24                        	ADD	ESP,36
   528 0000036A 6A 32                           	PUSH	50
   529 0000036C FF B5 FFFFFBB8                  	PUSH	DWORD [-1096+EBP]
   530 00000372 E8 [00000000]                   	CALL	_timer_settime
   531 00000377 56                              	PUSH	ESI
   532 00000378 E8 [00000000]                   	CALL	_sheet_alloc
   533 0000037D 6A 63                           	PUSH	99
   534 0000037F 6A 10                           	PUSH	16
   535 00000381 6A 10                           	PUSH	16
   536 00000383 89 85 FFFFFBCC                  	MOV	DWORD [-1076+EBP],EAX
   537 00000389 53                              	PUSH	EBX
   538 0000038A 50                              	PUSH	EAX
   539 0000038B E8 [00000000]                   	CALL	_sheet_setbuf
   540 00000390 83 C4 20                        	ADD	ESP,32
   541 00000393 6A 63                           	PUSH	99
   542 00000395 53                              	PUSH	EBX
   543 00000396 BB 00000002                     	MOV	EBX,2
   544 0000039B E8 [00000000]                   	CALL	_init_mouse_cursor8
   545 000003A0 0F BF 05 00000FF4               	MOVSX	EAX,WORD [4084]
   546 000003A7 8D 48 F0                        	LEA	ECX,DWORD [-16+EAX]
   547 000003AA 89 C8                           	MOV	EAX,ECX
   548 000003AC 99                              	CDQ
   549 000003AD F7 FB                           	IDIV	EBX
   550 000003AF 89 85 FFFFFBA4                  	MOV	DWORD [-1116+EBP],EAX
   551 000003B5 0F BF 05 00000FF6               	MOVSX	EAX,WORD [4086]
   552 000003BC 6A 00                           	PUSH	0
   553 000003BE 8D 48 D4                        	LEA	ECX,DWORD [-44+EAX]
   554 000003C1 6A 00                           	PUSH	0
   555 000003C3 89 C8                           	MOV	EAX,ECX
   556 000003C5 99                              	CDQ
   557 000003C6 F7 FB                           	IDIV	EBX
   558 000003C8 FF B5 FFFFFBD0                  	PUSH	DWORD [-1072+EBP]
   559 000003CE 89 85 FFFFFBA0                  	MOV	DWORD [-1120+EBP],EAX
   560 000003D4 E8 [00000000]                   	CALL	_sheet_slide
   561 000003D9 6A 04                           	PUSH	4
   562 000003DB 6A 20                           	PUSH	32
   563 000003DD FF B5 FFFFFBC8                  	PUSH	DWORD [-1080+EBP]
   564 000003E3 E8 [00000000]                   	CALL	_sheet_slide
   565 000003E8 83 C4 20                        	ADD	ESP,32
   566 000003EB FF B5 FFFFFBA0                  	PUSH	DWORD [-1120+EBP]
   567 000003F1 FF B5 FFFFFBA4                  	PUSH	DWORD [-1116+EBP]
   568 000003F7 FF B5 FFFFFBCC                  	PUSH	DWORD [-1076+EBP]
   569 000003FD E8 [00000000]                   	CALL	_sheet_slide
   570 00000402 6A 38                           	PUSH	56
   571 00000404 6A 40                           	PUSH	64
   572 00000406 57                              	PUSH	EDI
   573 00000407 E8 [00000000]                   	CALL	_sheet_slide
   574 0000040C 6A 00                           	PUSH	0
   575 0000040E FF B5 FFFFFBD0                  	PUSH	DWORD [-1072+EBP]
   576 00000414 E8 [00000000]                   	CALL	_sheet_updown
   577 00000419 83 C4 20                        	ADD	ESP,32
   578 0000041C 6A 01                           	PUSH	1
   579 0000041E FF B5 FFFFFBC8                  	PUSH	DWORD [-1080+EBP]
   580 00000424 E8 [00000000]                   	CALL	_sheet_updown
   581 00000429 6A 02                           	PUSH	2
   582 0000042B 57                              	PUSH	EDI
   583 0000042C E8 [00000000]                   	CALL	_sheet_updown
   584 00000431 6A 03                           	PUSH	3
   585 00000433 FF B5 FFFFFBCC                  	PUSH	DWORD [-1076+EBP]
   586 00000439 E8 [00000000]                   	CALL	_sheet_updown
   587 0000043E 8D 95 FFFFFBE4                  	LEA	EDX,DWORD [-1052+EBP]
   588 00000444 68 000000ED                     	PUSH	237
   589 00000449 52                              	PUSH	EDX
   590 0000044A E8 [00000000]                   	CALL	_fifo32_put
   591 0000044F 8D 85 FFFFFBE4                  	LEA	EAX,DWORD [-1052+EBP]
   592 00000455 83 C4 20                        	ADD	ESP,32
   593 00000458 FF B5 FFFFFB94                  	PUSH	DWORD [-1132+EBP]
   594 0000045E 50                              	PUSH	EAX
   595 0000045F E8 [00000000]                   	CALL	_fifo32_put
   596 00000464 59                              	POP	ECX
   597 00000465 5B                              	POP	EBX
   598 00000466                                 L2:
   599 00000466 8D 9D FFFFFBE4                  	LEA	EBX,DWORD [-1052+EBP]
   600 0000046C 53                              	PUSH	EBX
   601 0000046D E8 [00000000]                   	CALL	_fifo32_status
   602 00000472 5A                              	POP	EDX
   603 00000473 85 C0                           	TEST	EAX,EAX
   604 00000475 7E 0D                           	JLE	L5
   605 00000477 83 BD FFFFFB90 00               	CMP	DWORD [-1136+EBP],0
   606 0000047E 0F 88 00000679                  	JS	L65
   607 00000484                                 L5:
   608 00000484 8D 9D FFFFFC04                  	LEA	EBX,DWORD [-1020+EBP]
   609 0000048A E8 [00000000]                   	CALL	_io_cli
   610 0000048F 53                              	PUSH	EBX
   611 00000490 E8 [00000000]                   	CALL	_fifo32_status
   612 00000495 5E                              	POP	ESI
   613 00000496 85 C0                           	TEST	EAX,EAX
   614 00000498 0F 84 00000649                  	JE	L66
   615 0000049E 53                              	PUSH	EBX
   616 0000049F E8 [00000000]                   	CALL	_fifo32_get
   617 000004A4 89 C6                           	MOV	ESI,EAX
   618 000004A6 E8 [00000000]                   	CALL	_io_sti
   619 000004AB 5A                              	POP	EDX
   620 000004AC 8D 86 FFFFFF00                  	LEA	EAX,DWORD [-256+ESI]
   621 000004B2 3D 000000FF                     	CMP	EAX,255
   622 000004B7 0F 86 000001F2                  	JBE	L67
   623 000004BD 8D 86 FFFFFE00                  	LEA	EAX,DWORD [-512+ESI]
   624 000004C3 3D 000000FF                     	CMP	EAX,255
   625 000004C8 0F 86 00000108                  	JBE	L68
   626 000004CE 83 FE 0A                        	CMP	ESI,10
   627 000004D1 0F 84 000000F0                  	JE	L69
   628 000004D7 83 FE 03                        	CMP	ESI,3
   629 000004DA 0F 84 000000C5                  	JE	L70
   630 000004E0 83 FE 01                        	CMP	ESI,1
   631 000004E3 0F 8F FFFFFF7D                  	JG	L2
   632 000004E9 85 F6                           	TEST	ESI,ESI
   633 000004EB 0F 84 00000087                  	JE	L55
   634 000004F1 6A 00                           	PUSH	0
   635 000004F3 53                              	PUSH	EBX
   636 000004F4 FF B5 FFFFFBB8                  	PUSH	DWORD [-1096+EBP]
   637 000004FA E8 [00000000]                   	CALL	_timer_init
   638 000004FF 83 C4 0C                        	ADD	ESP,12
   639 00000502 83 BD FFFFFBB0 00               	CMP	DWORD [-1104+EBP],0
   640 00000509 78 0A                           	JS	L57
   641 0000050B C7 85 FFFFFBB0 00000000         	MOV	DWORD [-1104+EBP],0
   642 00000515                                 L57:
   643 00000515 6A 32                           	PUSH	50
   644 00000517 FF B5 FFFFFBB8                  	PUSH	DWORD [-1096+EBP]
   645 0000051D E8 [00000000]                   	CALL	_timer_settime
   646 00000522 58                              	POP	EAX
   647 00000523 5A                              	POP	EDX
   648 00000524                                 L64:
   649 00000524 83 BD FFFFFBB0 00               	CMP	DWORD [-1104+EBP],0
   650 0000052B 78 29                           	JS	L59
   651 0000052D 8B 85 FFFFFBB4                  	MOV	EAX,DWORD [-1100+EBP]
   652 00000533 6A 2B                           	PUSH	43
   653 00000535 83 C0 07                        	ADD	EAX,7
   654 00000538 50                              	PUSH	EAX
   655 00000539 6A 1C                           	PUSH	28
   656 0000053B FF B5 FFFFFBB4                  	PUSH	DWORD [-1100+EBP]
   657 00000541 0F B6 85 FFFFFBB0               	MOVZX	EAX,BYTE [-1104+EBP]
   658 00000548 50                              	PUSH	EAX
   659 00000549 FF 77 04                        	PUSH	DWORD [4+EDI]
   660 0000054C FF 37                           	PUSH	DWORD [EDI]
   661 0000054E E8 [00000000]                   	CALL	_boxfill8
   662 00000553 83 C4 1C                        	ADD	ESP,28
   663 00000556                                 L59:
   664 00000556 8B 85 FFFFFBB4                  	MOV	EAX,DWORD [-1100+EBP]
   665 0000055C 6A 2C                           	PUSH	44
   666 0000055E 83 C0 08                        	ADD	EAX,8
   667 00000561 50                              	PUSH	EAX
   668 00000562 6A 1C                           	PUSH	28
   669 00000564 FF B5 FFFFFBB4                  	PUSH	DWORD [-1100+EBP]
   670 0000056A 57                              	PUSH	EDI
   671 0000056B E8 [00000000]                   	CALL	_sheet_refresh
   672 00000570 83 C4 14                        	ADD	ESP,20
   673 00000573 E9 FFFFFEEE                     	JMP	L2
   674 00000578                                 L55:
   675 00000578 6A 01                           	PUSH	1
   676 0000057A 53                              	PUSH	EBX
   677 0000057B FF B5 FFFFFBB8                  	PUSH	DWORD [-1096+EBP]
   678 00000581 E8 [00000000]                   	CALL	_timer_init
   679 00000586 83 C4 0C                        	ADD	ESP,12
   680 00000589 83 BD FFFFFBB0 00               	CMP	DWORD [-1104+EBP],0
   681 00000590 0F 88 FFFFFF7F                  	JS	L57
   682 00000596 C7 85 FFFFFBB0 00000007         	MOV	DWORD [-1104+EBP],7
   683 000005A0 E9 FFFFFF70                     	JMP	L57
   684 000005A5                                 L70:
   685 000005A5 6A 06                           	PUSH	6
   686 000005A7 68 [0000010F]                   	PUSH	LC5
   687 000005AC 6A 0E                           	PUSH	14
   688 000005AE 6A 07                           	PUSH	7
   689 000005B0 6A 50                           	PUSH	80
   690 000005B2                                 L61:
   691 000005B2 6A 00                           	PUSH	0
   692 000005B4 FF B5 FFFFFBD0                  	PUSH	DWORD [-1072+EBP]
   693 000005BA E8 [00000000]                   	CALL	_putfonts8_asc_sht
   694 000005BF 83 C4 1C                        	ADD	ESP,28
   695 000005C2 E9 FFFFFE9F                     	JMP	L2
   696 000005C7                                 L69:
   697 000005C7 6A 07                           	PUSH	7
   698 000005C9 68 [00000116]                   	PUSH	LC4
   699 000005CE 6A 0E                           	PUSH	14
   700 000005D0 6A 07                           	PUSH	7
   701 000005D2 6A 40                           	PUSH	64
   702 000005D4 EB DC                           	JMP	L61
   703 000005D6                                 L68:
   704 000005D6 89 F2                           	MOV	EDX,ESI
   705 000005D8 0F B6 C2                        	MOVZX	EAX,DL
   706 000005DB 50                              	PUSH	EAX
   707 000005DC 8D 85 FFFFFC24                  	LEA	EAX,DWORD [-988+EBP]
   708 000005E2 50                              	PUSH	EAX
   709 000005E3 E8 [00000000]                   	CALL	_mouse_decode
   710 000005E8 59                              	POP	ECX
   711 000005E9 5B                              	POP	EBX
   712 000005EA 85 C0                           	TEST	EAX,EAX
   713 000005EC 0F 84 FFFFFE74                  	JE	L2
   714 000005F2 8B 85 FFFFFC2C                  	MOV	EAX,DWORD [-980+EBP]
   715 000005F8 8B 95 FFFFFC28                  	MOV	EDX,DWORD [-984+EBP]
   716 000005FE 01 85 FFFFFBA0                  	ADD	DWORD [-1120+EBP],EAX
   717 00000604 01 95 FFFFFBA4                  	ADD	DWORD [-1116+EBP],EDX
   718 0000060A 0F 88 00000090                  	JS	L71
   719 00000610                                 L44:
   720 00000610 83 BD FFFFFBA0 00               	CMP	DWORD [-1120+EBP],0
   721 00000617 78 78                           	JS	L72
   722 00000619                                 L45:
   723 00000619 0F BF 05 00000FF4               	MOVSX	EAX,WORD [4084]
   724 00000620 48                              	DEC	EAX
   725 00000621 39 85 FFFFFBA4                  	CMP	DWORD [-1116+EBP],EAX
   726 00000627 7E 06                           	JLE	L46
   727 00000629 89 85 FFFFFBA4                  	MOV	DWORD [-1116+EBP],EAX
   728 0000062F                                 L46:
   729 0000062F 0F BF 05 00000FF6               	MOVSX	EAX,WORD [4086]
   730 00000636 48                              	DEC	EAX
   731 00000637 39 85 FFFFFBA0                  	CMP	DWORD [-1120+EBP],EAX
   732 0000063D 7E 06                           	JLE	L47
   733 0000063F 89 85 FFFFFBA0                  	MOV	DWORD [-1120+EBP],EAX
   734 00000645                                 L47:
   735 00000645 FF B5 FFFFFBA0                  	PUSH	DWORD [-1120+EBP]
   736 0000064B FF B5 FFFFFBA4                  	PUSH	DWORD [-1116+EBP]
   737 00000651 FF B5 FFFFFBCC                  	PUSH	DWORD [-1076+EBP]
   738 00000657 E8 [00000000]                   	CALL	_sheet_slide
   739 0000065C 83 C4 0C                        	ADD	ESP,12
   740 0000065F F7 85 FFFFFC30 00000001         	TEST	DWORD [-976+EBP],1
   741 00000669 0F 84 FFFFFDF7                  	JE	L2
   742 0000066F 8B 85 FFFFFBA0                  	MOV	EAX,DWORD [-1120+EBP]
   743 00000675 83 E8 08                        	SUB	EAX,8
   744 00000678 50                              	PUSH	EAX
   745 00000679 8B 85 FFFFFBA4                  	MOV	EAX,DWORD [-1116+EBP]
   746 0000067F 83 E8 50                        	SUB	EAX,80
   747 00000682 50                              	PUSH	EAX
   748 00000683 57                              	PUSH	EDI
   749 00000684 E8 [00000000]                   	CALL	_sheet_slide
   750 00000689 83 C4 0C                        	ADD	ESP,12
   751 0000068C E9 FFFFFDD5                     	JMP	L2
   752 00000691                                 L72:
   753 00000691 C7 85 FFFFFBA0 00000000         	MOV	DWORD [-1120+EBP],0
   754 0000069B E9 FFFFFF79                     	JMP	L45
   755 000006A0                                 L71:
   756 000006A0 C7 85 FFFFFBA4 00000000         	MOV	DWORD [-1116+EBP],0
   757 000006AA E9 FFFFFF61                     	JMP	L44
   758 000006AF                                 L67:
   759 000006AF 81 FE 0000017F                  	CMP	ESI,383
   760 000006B5 0F 8F 00000420                  	JG	L9
   761 000006BB 83 BD FFFFFB98 00               	CMP	DWORD [-1128+EBP],0
   762 000006C2 0F 85 00000408                  	JNE	L10
   763 000006C8 8A 86 [FFFFFF00]                	MOV	AL,BYTE [_keytable0.0-256+ESI]
   764 000006CE                                 L62:
   765 000006CE 88 85 FFFFFEB4                  	MOV	BYTE [-332+EBP],AL
   766 000006D4                                 L12:
   767 000006D4 8A 95 FFFFFEB4                  	MOV	DL,BYTE [-332+EBP]
   768 000006DA 8D 42 BF                        	LEA	EAX,DWORD [-65+EDX]
   769 000006DD 3C 19                           	CMP	AL,25
   770 000006DF 77 1D                           	JA	L13
   771 000006E1 F7 85 FFFFFB94 00000004         	TEST	DWORD [-1132+EBP],4
   772 000006EB 0F 85 000003D0                  	JNE	L60
   773 000006F1 83 BD FFFFFB98 00               	CMP	DWORD [-1128+EBP],0
   774 000006F8 0F 84 000003B5                  	JE	L15
   775 000006FE                                 L13:
   776 000006FE 8A 85 FFFFFEB4                  	MOV	AL,BYTE [-332+EBP]
   777 00000704 84 C0                           	TEST	AL,AL
   778 00000706 74 42                           	JE	L17
   779 00000708 83 BD FFFFFB9C 00               	CMP	DWORD [-1124+EBP],0
   780 0000070F 0F 85 0000037F                  	JNE	L18
   781 00000715 83 BD FFFFFBB4 7F               	CMP	DWORD [-1100+EBP],127
   782 0000071C 7F 2C                           	JG	L17
   783 0000071E 6A 01                           	PUSH	1
   784 00000720 8D 85 FFFFFEB4                  	LEA	EAX,DWORD [-332+EBP]
   785 00000726 50                              	PUSH	EAX
   786 00000727 6A 07                           	PUSH	7
   787 00000729 6A 00                           	PUSH	0
   788 0000072B 6A 1C                           	PUSH	28
   789 0000072D FF B5 FFFFFBB4                  	PUSH	DWORD [-1100+EBP]
   790 00000733 57                              	PUSH	EDI
   791 00000734 C6 85 FFFFFEB5 00               	MOV	BYTE [-331+EBP],0
   792 0000073B E8 [00000000]                   	CALL	_putfonts8_asc_sht
   793 00000740 83 C4 1C                        	ADD	ESP,28
   794 00000743 83 85 FFFFFBB4 08               	ADD	DWORD [-1100+EBP],8
   795 0000074A                                 L17:
   796 0000074A 81 FE 0000013B                  	CMP	ESI,315
   797 00000750 0F 84 000002E7                  	JE	L73
   798 00000756                                 L21:
   799 00000756 81 FE 0000011C                  	CMP	ESI,284
   800 0000075C 0F 84 000002B3                  	JE	L74
   801 00000762                                 L22:
   802 00000762 81 FE 0000013A                  	CMP	ESI,314
   803 00000768 0F 84 0000027B                  	JE	L75
   804 0000076E                                 L24:
   805 0000076E 81 FE 00000145                  	CMP	ESI,325
   806 00000774 0F 84 00000243                  	JE	L76
   807 0000077A                                 L25:
   808 0000077A 81 FE 00000146                  	CMP	ESI,326
   809 00000780 0F 84 0000020B                  	JE	L77
   810 00000786                                 L26:
   811 00000786 81 FE 000001FA                  	CMP	ESI,506
   812 0000078C 0F 84 000001F0                  	JE	L78
   813 00000792                                 L27:
   814 00000792 81 FE 000001FE                  	CMP	ESI,510
   815 00000798 0F 84 000001CB                  	JE	L79
   816 0000079E                                 L28:
   817 0000079E 81 FE 0000010E                  	CMP	ESI,270
   818 000007A4 0F 84 00000166                  	JE	L80
   819 000007AA                                 L29:
   820 000007AA 81 FE 0000010F                  	CMP	ESI,271
   821 000007B0 74 4B                           	JE	L81
   822 000007B2                                 L33:
   823 000007B2 81 FE 0000012A                  	CMP	ESI,298
   824 000007B8 74 3A                           	JE	L82
   825 000007BA                                 L36:
   826 000007BA 81 FE 00000136                  	CMP	ESI,310
   827 000007C0 74 29                           	JE	L83
   828 000007C2                                 L37:
   829 000007C2 81 FE 000001AA                  	CMP	ESI,426
   830 000007C8 74 18                           	JE	L84
   831 000007CA                                 L38:
   832 000007CA 81 FE 000001B6                  	CMP	ESI,438
   833 000007D0 0F 85 FFFFFD4E                  	JNE	L64
   834 000007D6 83 A5 FFFFFB98 FD               	AND	DWORD [-1128+EBP],-3
   835 000007DD E9 FFFFFD42                     	JMP	L64
   836 000007E2                                 L84:
   837 000007E2 83 A5 FFFFFB98 FE               	AND	DWORD [-1128+EBP],-2
   838 000007E9 EB DF                           	JMP	L38
   839 000007EB                                 L83:
   840 000007EB 83 8D FFFFFB98 02               	OR	DWORD [-1128+EBP],2
   841 000007F2 EB CE                           	JMP	L37
   842 000007F4                                 L82:
   843 000007F4 83 8D FFFFFB98 01               	OR	DWORD [-1128+EBP],1
   844 000007FB EB BD                           	JMP	L36
   845 000007FD                                 L81:
   846 000007FD 83 BD FFFFFB9C 00               	CMP	DWORD [-1124+EBP],0
   847 00000804 0F 85 000000A7                  	JNE	L34
   848 0000080A 6A 00                           	PUSH	0
   849 0000080C 68 [00000108]                   	PUSH	LC1
   850 00000811 FF 77 04                        	PUSH	DWORD [4+EDI]
   851 00000814 FF B5 FFFFFBC4                  	PUSH	DWORD [-1084+EBP]
   852 0000081A C7 85 FFFFFB9C 00000001         	MOV	DWORD [-1124+EBP],1
   853 00000824 E8 [00000000]                   	CALL	_make_wtitle8
   854 00000829 8B 85 FFFFFBC8                  	MOV	EAX,DWORD [-1080+EBP]
   855 0000082F 6A 01                           	PUSH	1
   856 00000831 68 [00000100]                   	PUSH	LC0
   857 00000836 FF 70 04                        	PUSH	DWORD [4+EAX]
   858 00000839 FF B5 FFFFFBC0                  	PUSH	DWORD [-1088+EBP]
   859 0000083F E8 [00000000]                   	CALL	_make_wtitle8
   860 00000844 8B 85 FFFFFBB4                  	MOV	EAX,DWORD [-1100+EBP]
   861 0000084A 83 C4 20                        	ADD	ESP,32
   862 0000084D 83 C0 07                        	ADD	EAX,7
   863 00000850 C7 85 FFFFFBB0 FFFFFFFF         	MOV	DWORD [-1104+EBP],-1
   864 0000085A 6A 2B                           	PUSH	43
   865 0000085C 50                              	PUSH	EAX
   866 0000085D 6A 1C                           	PUSH	28
   867 0000085F FF B5 FFFFFBB4                  	PUSH	DWORD [-1100+EBP]
   868 00000865 6A 07                           	PUSH	7
   869 00000867 FF 77 04                        	PUSH	DWORD [4+EDI]
   870 0000086A FF 37                           	PUSH	DWORD [EDI]
   871 0000086C E8 [00000000]                   	CALL	_boxfill8
   872 00000871 8B 85 FFFFFBA8                  	MOV	EAX,DWORD [-1112+EBP]
   873 00000877 6A 02                           	PUSH	2
   874 00000879 83 C0 10                        	ADD	EAX,16
   875 0000087C 50                              	PUSH	EAX
   876 0000087D E8 [00000000]                   	CALL	_fifo32_put
   877 00000882 83 C4 24                        	ADD	ESP,36
   878 00000885                                 L35:
   879 00000885 6A 15                           	PUSH	21
   880 00000887 FF 77 04                        	PUSH	DWORD [4+EDI]
   881 0000088A 6A 00                           	PUSH	0
   882 0000088C 6A 00                           	PUSH	0
   883 0000088E 57                              	PUSH	EDI
   884 0000088F E8 [00000000]                   	CALL	_sheet_refresh
   885 00000894 8B 85 FFFFFBC8                  	MOV	EAX,DWORD [-1080+EBP]
   886 0000089A 6A 15                           	PUSH	21
   887 0000089C FF 70 04                        	PUSH	DWORD [4+EAX]
   888 0000089F 6A 00                           	PUSH	0
   889 000008A1 6A 00                           	PUSH	0
   890 000008A3 50                              	PUSH	EAX
   891 000008A4 E8 [00000000]                   	CALL	_sheet_refresh
   892 000008A9 83 C4 28                        	ADD	ESP,40
   893 000008AC E9 FFFFFF01                     	JMP	L33
   894 000008B1                                 L34:
   895 000008B1 6A 01                           	PUSH	1
   896 000008B3 68 [00000108]                   	PUSH	LC1
   897 000008B8 FF 77 04                        	PUSH	DWORD [4+EDI]
   898 000008BB FF B5 FFFFFBC4                  	PUSH	DWORD [-1084+EBP]
   899 000008C1 C7 85 FFFFFB9C 00000000         	MOV	DWORD [-1124+EBP],0
   900 000008CB E8 [00000000]                   	CALL	_make_wtitle8
   901 000008D0 8B 95 FFFFFBC8                  	MOV	EDX,DWORD [-1080+EBP]
   902 000008D6 6A 00                           	PUSH	0
   903 000008D8 68 [00000100]                   	PUSH	LC0
   904 000008DD FF 72 04                        	PUSH	DWORD [4+EDX]
   905 000008E0 FF B5 FFFFFBC0                  	PUSH	DWORD [-1088+EBP]
   906 000008E6 E8 [00000000]                   	CALL	_make_wtitle8
   907 000008EB 8B 85 FFFFFBA8                  	MOV	EAX,DWORD [-1112+EBP]
   908 000008F1 83 C4 20                        	ADD	ESP,32
   909 000008F4 83 C0 10                        	ADD	EAX,16
   910 000008F7 C7 85 FFFFFBB0 00000000         	MOV	DWORD [-1104+EBP],0
   911 00000901 6A 03                           	PUSH	3
   912 00000903 50                              	PUSH	EAX
   913 00000904 E8 [00000000]                   	CALL	_fifo32_put
   914 00000909 58                              	POP	EAX
   915 0000090A 5A                              	POP	EDX
   916 0000090B E9 FFFFFF75                     	JMP	L35
   917 00000910                                 L80:
   918 00000910 83 BD FFFFFB9C 00               	CMP	DWORD [-1124+EBP],0
   919 00000917 75 35                           	JNE	L30
   920 00000919 83 BD FFFFFBB4 08               	CMP	DWORD [-1100+EBP],8
   921 00000920 0F 8E FFFFFE84                  	JLE	L29
   922 00000926 6A 01                           	PUSH	1
   923 00000928 68 [0000011E]                   	PUSH	LC3
   924 0000092D 6A 07                           	PUSH	7
   925 0000092F 6A 00                           	PUSH	0
   926 00000931 6A 1C                           	PUSH	28
   927 00000933 FF B5 FFFFFBB4                  	PUSH	DWORD [-1100+EBP]
   928 00000939 57                              	PUSH	EDI
   929 0000093A E8 [00000000]                   	CALL	_putfonts8_asc_sht
   930 0000093F 83 C4 1C                        	ADD	ESP,28
   931 00000942 83 AD FFFFFBB4 08               	SUB	DWORD [-1100+EBP],8
   932 00000949 E9 FFFFFE5C                     	JMP	L29
   933 0000094E                                 L30:
   934 0000094E 8B 85 FFFFFBA8                  	MOV	EAX,DWORD [-1112+EBP]
   935 00000954 68 00000108                     	PUSH	264
   936 00000959 83 C0 10                        	ADD	EAX,16
   937 0000095C 50                              	PUSH	EAX
   938 0000095D E8 [00000000]                   	CALL	_fifo32_put
   939 00000962 59                              	POP	ECX
   940 00000963 5B                              	POP	EBX
   941 00000964 E9 FFFFFE41                     	JMP	L29
   942 00000969                                 L79:
   943 00000969 E8 [00000000]                   	CALL	_wait_KBC_sendready
   944 0000096E FF B5 FFFFFB90                  	PUSH	DWORD [-1136+EBP]
   945 00000974 6A 60                           	PUSH	96
   946 00000976 E8 [00000000]                   	CALL	_io_out8
   947 0000097B 58                              	POP	EAX
   948 0000097C 5A                              	POP	EDX
   949 0000097D E9 FFFFFE1C                     	JMP	L28
   950 00000982                                 L78:
   951 00000982 C7 85 FFFFFB90 FFFFFFFF         	MOV	DWORD [-1136+EBP],-1
   952 0000098C E9 FFFFFE01                     	JMP	L27
   953 00000991                                 L77:
   954 00000991 68 000000ED                     	PUSH	237
   955 00000996 8D 9D FFFFFBE4                  	LEA	EBX,DWORD [-1052+EBP]
   956 0000099C 53                              	PUSH	EBX
   957 0000099D 83 B5 FFFFFB94 01               	XOR	DWORD [-1132+EBP],1
   958 000009A4 E8 [00000000]                   	CALL	_fifo32_put
   959 000009A9 FF B5 FFFFFB94                  	PUSH	DWORD [-1132+EBP]
   960 000009AF 53                              	PUSH	EBX
   961 000009B0 E8 [00000000]                   	CALL	_fifo32_put
   962 000009B5 83 C4 10                        	ADD	ESP,16
   963 000009B8 E9 FFFFFDC9                     	JMP	L26
   964 000009BD                                 L76:
   965 000009BD 68 000000ED                     	PUSH	237
   966 000009C2 8D 9D FFFFFBE4                  	LEA	EBX,DWORD [-1052+EBP]
   967 000009C8 53                              	PUSH	EBX
   968 000009C9 83 B5 FFFFFB94 02               	XOR	DWORD [-1132+EBP],2
   969 000009D0 E8 [00000000]                   	CALL	_fifo32_put
   970 000009D5 FF B5 FFFFFB94                  	PUSH	DWORD [-1132+EBP]
   971 000009DB 53                              	PUSH	EBX
   972 000009DC E8 [00000000]                   	CALL	_fifo32_put
   973 000009E1 83 C4 10                        	ADD	ESP,16
   974 000009E4 E9 FFFFFD91                     	JMP	L25
   975 000009E9                                 L75:
   976 000009E9 68 000000ED                     	PUSH	237
   977 000009EE 8D 9D FFFFFBE4                  	LEA	EBX,DWORD [-1052+EBP]
   978 000009F4 53                              	PUSH	EBX
   979 000009F5 83 B5 FFFFFB94 04               	XOR	DWORD [-1132+EBP],4
   980 000009FC E8 [00000000]                   	CALL	_fifo32_put
   981 00000A01 FF B5 FFFFFB94                  	PUSH	DWORD [-1132+EBP]
   982 00000A07 53                              	PUSH	EBX
   983 00000A08 E8 [00000000]                   	CALL	_fifo32_put
   984 00000A0D 83 C4 10                        	ADD	ESP,16
   985 00000A10 E9 FFFFFD59                     	JMP	L24
   986 00000A15                                 L74:
   987 00000A15 83 BD FFFFFB9C 00               	CMP	DWORD [-1124+EBP],0
   988 00000A1C 0F 84 FFFFFD40                  	JE	L22
   989 00000A22 8B 85 FFFFFBA8                  	MOV	EAX,DWORD [-1112+EBP]
   990 00000A28 68 0000010A                     	PUSH	266
   991 00000A2D 83 C0 10                        	ADD	EAX,16
   992 00000A30 50                              	PUSH	EAX
   993 00000A31 E8 [00000000]                   	CALL	_fifo32_put
   994 00000A36 59                              	POP	ECX
   995 00000A37 5B                              	POP	EBX
   996 00000A38 E9 FFFFFD25                     	JMP	L22
   997 00000A3D                                 L73:
   998 00000A3D 83 BD FFFFFB98 00               	CMP	DWORD [-1128+EBP],0
   999 00000A44 0F 84 FFFFFD0C                  	JE	L21
  1000 00000A4A 8B 95 FFFFFBA8                  	MOV	EDX,DWORD [-1112+EBP]
  1001 00000A50 83 7A 34 00                     	CMP	DWORD [52+EDX],0
  1002 00000A54 0F 84 FFFFFCFC                  	JE	L21
  1003 00000A5A 68 [00000120]                   	PUSH	LC2
  1004 00000A5F FF 35 00000FEC                  	PUSH	DWORD [4076]
  1005 00000A65 E8 [00000000]                   	CALL	_cons_putstr
  1006 00000A6A E8 [00000000]                   	CALL	_io_cli
  1007 00000A6F 8B 95 FFFFFBA8                  	MOV	EDX,DWORD [-1112+EBP]
  1008 00000A75 8B 85 FFFFFBA8                  	MOV	EAX,DWORD [-1112+EBP]
  1009 00000A7B 83 C0 30                        	ADD	EAX,48
  1010 00000A7E 89 42 54                        	MOV	DWORD [84+EDX],EAX
  1011 00000A81 C7 42 4C [00000000]             	MOV	DWORD [76+EDX],_asm_end_app
  1012 00000A88 E8 [00000000]                   	CALL	_io_sti
  1013 00000A8D 58                              	POP	EAX
  1014 00000A8E 5A                              	POP	EDX
  1015 00000A8F E9 FFFFFCC2                     	JMP	L21
  1016 00000A94                                 L18:
  1017 00000A94 0F BE C0                        	MOVSX	EAX,AL
  1018 00000A97 05 00000100                     	ADD	EAX,256
  1019 00000A9C 50                              	PUSH	EAX
  1020 00000A9D 8B 85 FFFFFBA8                  	MOV	EAX,DWORD [-1112+EBP]
  1021 00000AA3 83 C0 10                        	ADD	EAX,16
  1022 00000AA6 50                              	PUSH	EAX
  1023 00000AA7 E8 [00000000]                   	CALL	_fifo32_put
  1024 00000AAC 59                              	POP	ECX
  1025 00000AAD 5B                              	POP	EBX
  1026 00000AAE E9 FFFFFC97                     	JMP	L17
  1027 00000AB3                                 L15:
  1028 00000AB3 8D 42 20                        	LEA	EAX,DWORD [32+EDX]
  1029 00000AB6 88 85 FFFFFEB4                  	MOV	BYTE [-332+EBP],AL
  1030 00000ABC E9 FFFFFC3D                     	JMP	L13
  1031 00000AC1                                 L60:
  1032 00000AC1 83 BD FFFFFB98 00               	CMP	DWORD [-1128+EBP],0
  1033 00000AC8 0F 84 FFFFFC30                  	JE	L13
  1034 00000ACE EB E3                           	JMP	L15
  1035 00000AD0                                 L10:
  1036 00000AD0 8A 86 [FFFFFF80]                	MOV	AL,BYTE [_keytable1.1-256+ESI]
  1037 00000AD6 E9 FFFFFBF3                     	JMP	L62
  1038 00000ADB                                 L9:
  1039 00000ADB C6 85 FFFFFEB4 00               	MOV	BYTE [-332+EBP],0
  1040 00000AE2 E9 FFFFFBED                     	JMP	L12
  1041 00000AE7                                 L66:
  1042 00000AE7 FF B5 FFFFFBAC                  	PUSH	DWORD [-1108+EBP]
  1043 00000AED E8 [00000000]                   	CALL	_task_sleep
  1044 00000AF2 E8 [00000000]                   	CALL	_io_sti
  1045 00000AF7 59                              	POP	ECX
  1046 00000AF8 E9 FFFFF969                     	JMP	L2
  1047 00000AFD                                 L65:
  1048 00000AFD 53                              	PUSH	EBX
  1049 00000AFE E8 [00000000]                   	CALL	_fifo32_get
  1050 00000B03 89 85 FFFFFB90                  	MOV	DWORD [-1136+EBP],EAX
  1051 00000B09 E8 [00000000]                   	CALL	_wait_KBC_sendready
  1052 00000B0E FF B5 FFFFFB90                  	PUSH	DWORD [-1136+EBP]
  1053 00000B14 6A 60                           	PUSH	96
  1054 00000B16 E8 [00000000]                   	CALL	_io_out8
  1055 00000B1B 83 C4 0C                        	ADD	ESP,12
  1056 00000B1E E9 FFFFF961                     	JMP	L5
