     1 00000000                                 [FORMAT "WCOFF"]
     2 00000000                                 [INSTRSET "i486p"]
     3 00000000                                 [OPTIMIZE 1]
     4 00000000                                 [OPTION 1]
     5 00000000                                 [BITS 32]
     6 00000000                                 	EXTERN	_io_load_eflags
     7 00000000                                 	EXTERN	_io_store_eflags
     8 00000000                                 	EXTERN	_memtest_sub
     9 00000000                                 	EXTERN	_load_cr0
    10 00000000                                 	EXTERN	_store_cr0
    11 00000000                                 [FILE "memory.c"]
    12                                          [SECTION .text]
    13 00000000                                 	GLOBAL	_memtest
    14 00000000                                 _memtest:
    15 00000000 55                              	PUSH	EBP
    16 00000001 89 E5                           	MOV	EBP,ESP
    17 00000003 56                              	PUSH	ESI
    18 00000004 53                              	PUSH	EBX
    19 00000005 31 F6                           	XOR	ESI,ESI
    20 00000007 E8 [00000000]                   	CALL	_io_load_eflags
    21 0000000C 0D 00040000                     	OR	EAX,262144
    22 00000011 50                              	PUSH	EAX
    23 00000012 E8 [00000000]                   	CALL	_io_store_eflags
    24 00000017 E8 [00000000]                   	CALL	_io_load_eflags
    25 0000001C 5A                              	POP	EDX
    26 0000001D A9 00040000                     	TEST	EAX,262144
    27 00000022 74 05                           	JE	L2
    28 00000024 BE 00000001                     	MOV	ESI,1
    29 00000029                                 L2:
    30 00000029 25 FFFBFFFF                     	AND	EAX,-262145
    31 0000002E 50                              	PUSH	EAX
    32 0000002F E8 [00000000]                   	CALL	_io_store_eflags
    33 00000034 58                              	POP	EAX
    34 00000035 89 F0                           	MOV	EAX,ESI
    35 00000037 84 C0                           	TEST	AL,AL
    36 00000039 75 31                           	JNE	L5
    37 0000003B                                 L3:
    38 0000003B FF 75 0C                        	PUSH	DWORD [12+EBP]
    39 0000003E FF 75 08                        	PUSH	DWORD [8+EBP]
    40 00000041 E8 [00000000]                   	CALL	_memtest_sub
    41 00000046 5A                              	POP	EDX
    42 00000047 89 C3                           	MOV	EBX,EAX
    43 00000049 59                              	POP	ECX
    44 0000004A 89 F0                           	MOV	EAX,ESI
    45 0000004C 84 C0                           	TEST	AL,AL
    46 0000004E 75 09                           	JNE	L6
    47 00000050                                 L4:
    48 00000050 8D 65 F8                        	LEA	ESP,DWORD [-8+EBP]
    49 00000053 89 D8                           	MOV	EAX,EBX
    50 00000055 5B                              	POP	EBX
    51 00000056 5E                              	POP	ESI
    52 00000057 5D                              	POP	EBP
    53 00000058 C3                              	RET
    54 00000059                                 L6:
    55 00000059 E8 [00000000]                   	CALL	_load_cr0
    56 0000005E 25 9FFFFFFF                     	AND	EAX,-1610612737
    57 00000063 50                              	PUSH	EAX
    58 00000064 E8 [00000000]                   	CALL	_store_cr0
    59 00000069 58                              	POP	EAX
    60 0000006A EB E4                           	JMP	L4
    61 0000006C                                 L5:
    62 0000006C E8 [00000000]                   	CALL	_load_cr0
    63 00000071 0D 60000000                     	OR	EAX,1610612736
    64 00000076 50                              	PUSH	EAX
    65 00000077 E8 [00000000]                   	CALL	_store_cr0
    66 0000007C 5B                              	POP	EBX
    67 0000007D EB BC                           	JMP	L3
    68 0000007F                                 	GLOBAL	_memman_init
    69 0000007F                                 _memman_init:
    70 0000007F 55                              	PUSH	EBP
    71 00000080 89 E5                           	MOV	EBP,ESP
    72 00000082 8B 45 08                        	MOV	EAX,DWORD [8+EBP]
    73 00000085 C7 00 00000000                  	MOV	DWORD [EAX],0
    74 0000008B C7 40 04 00000000               	MOV	DWORD [4+EAX],0
    75 00000092 C7 40 08 00000000               	MOV	DWORD [8+EAX],0
    76 00000099 C7 40 0C 00000000               	MOV	DWORD [12+EAX],0
    77 000000A0 5D                              	POP	EBP
    78 000000A1 C3                              	RET
    79 000000A2                                 	GLOBAL	_memman_total
    80 000000A2                                 _memman_total:
    81 000000A2 55                              	PUSH	EBP
    82 000000A3 31 C0                           	XOR	EAX,EAX
    83 000000A5 89 E5                           	MOV	EBP,ESP
    84 000000A7 31 D2                           	XOR	EDX,EDX
    85 000000A9 53                              	PUSH	EBX
    86 000000AA 8B 5D 08                        	MOV	EBX,DWORD [8+EBP]
    87 000000AD 8B 0B                           	MOV	ECX,DWORD [EBX]
    88 000000AF 39 C8                           	CMP	EAX,ECX
    89 000000B1 73 09                           	JAE	L15
    90 000000B3                                 L13:
    91 000000B3 03 44 D3 14                     	ADD	EAX,DWORD [20+EBX+EDX*8]
    92 000000B7 42                              	INC	EDX
    93 000000B8 39 CA                           	CMP	EDX,ECX
    94 000000BA 72 F7                           	JB	L13
    95 000000BC                                 L15:
    96 000000BC 5B                              	POP	EBX
    97 000000BD 5D                              	POP	EBP
    98 000000BE C3                              	RET
    99 000000BF                                 	GLOBAL	_memman_alloc
   100 000000BF                                 _memman_alloc:
   101 000000BF 55                              	PUSH	EBP
   102 000000C0 31 D2                           	XOR	EDX,EDX
   103 000000C2 89 E5                           	MOV	EBP,ESP
   104 000000C4 57                              	PUSH	EDI
   105 000000C5 56                              	PUSH	ESI
   106 000000C6 8B 4D 08                        	MOV	ECX,DWORD [8+EBP]
   107 000000C9 53                              	PUSH	EBX
   108 000000CA 8B 75 0C                        	MOV	ESI,DWORD [12+EBP]
   109 000000CD 8B 01                           	MOV	EAX,DWORD [ECX]
   110 000000CF 39 C2                           	CMP	EDX,EAX
   111 000000D1 73 0D                           	JAE	L30
   112 000000D3                                 L28:
   113 000000D3 8B 5C D1 14                     	MOV	EBX,DWORD [20+ECX+EDX*8]
   114 000000D7 39 F3                           	CMP	EBX,ESI
   115 000000D9 73 0C                           	JAE	L32
   116 000000DB 42                              	INC	EDX
   117 000000DC 39 C2                           	CMP	EDX,EAX
   118 000000DE 72 F3                           	JB	L28
   119 000000E0                                 L30:
   120 000000E0 31 C0                           	XOR	EAX,EAX
   121 000000E2                                 L16:
   122 000000E2 5B                              	POP	EBX
   123 000000E3 5E                              	POP	ESI
   124 000000E4 5F                              	POP	EDI
   125 000000E5 5D                              	POP	EBP
   126 000000E6 C3                              	RET
   127 000000E7                                 L32:
   128 000000E7 8B 7C D1 10                     	MOV	EDI,DWORD [16+ECX+EDX*8]
   129 000000EB 8D 04 3E                        	LEA	EAX,DWORD [ESI+EDI*1]
   130 000000EE 89 44 D1 10                     	MOV	DWORD [16+ECX+EDX*8],EAX
   131 000000F2 89 D8                           	MOV	EAX,EBX
   132 000000F4 29 F0                           	SUB	EAX,ESI
   133 000000F6 89 44 D1 14                     	MOV	DWORD [20+ECX+EDX*8],EAX
   134 000000FA 85 C0                           	TEST	EAX,EAX
   135 000000FC 75 1E                           	JNE	L22
   136 000000FE 8B 01                           	MOV	EAX,DWORD [ECX]
   137 00000100 48                              	DEC	EAX
   138 00000101 89 01                           	MOV	DWORD [ECX],EAX
   139 00000103 39 C2                           	CMP	EDX,EAX
   140 00000105 73 15                           	JAE	L22
   141 00000107                                 L27:
   142 00000107 8B 44 D1 18                     	MOV	EAX,DWORD [24+ECX+EDX*8]
   143 0000010B 89 44 D1 10                     	MOV	DWORD [16+ECX+EDX*8],EAX
   144 0000010F 8B 44 D1 1C                     	MOV	EAX,DWORD [28+ECX+EDX*8]
   145 00000113 89 44 D1 14                     	MOV	DWORD [20+ECX+EDX*8],EAX
   146 00000117 42                              	INC	EDX
   147 00000118 3B 11                           	CMP	EDX,DWORD [ECX]
   148 0000011A 72 EB                           	JB	L27
   149 0000011C                                 L22:
   150 0000011C 89 F8                           	MOV	EAX,EDI
   151 0000011E EB C2                           	JMP	L16
   152 00000120                                 	GLOBAL	_memman_free
   153 00000120                                 _memman_free:
   154 00000120 55                              	PUSH	EBP
   155 00000121 89 E5                           	MOV	EBP,ESP
   156 00000123 57                              	PUSH	EDI
   157 00000124 56                              	PUSH	ESI
   158 00000125 8B 4D 08                        	MOV	ECX,DWORD [8+EBP]
   159 00000128 53                              	PUSH	EBX
   160 00000129 31 DB                           	XOR	EBX,EBX
   161 0000012B 8B 7D 10                        	MOV	EDI,DWORD [16+EBP]
   162 0000012E 8B 11                           	MOV	EDX,DWORD [ECX]
   163 00000130 39 D3                           	CMP	EBX,EDX
   164 00000132 7D 0E                           	JGE	L35
   165 00000134                                 L39:
   166 00000134 8B 45 0C                        	MOV	EAX,DWORD [12+EBP]
   167 00000137 39 44 D9 10                     	CMP	DWORD [16+ECX+EBX*8],EAX
   168 0000013B 77 05                           	JA	L35
   169 0000013D 43                              	INC	EBX
   170 0000013E 39 D3                           	CMP	EBX,EDX
   171 00000140 7C F2                           	JL	L39
   172 00000142                                 L35:
   173 00000142 85 DB                           	TEST	EBX,EBX
   174 00000144 7E 0F                           	JLE	L40
   175 00000146 8B 74 D9 0C                     	MOV	ESI,DWORD [12+ECX+EBX*8]
   176 0000014A 8B 44 D9 08                     	MOV	EAX,DWORD [8+ECX+EBX*8]
   177 0000014E 01 F0                           	ADD	EAX,ESI
   178 00000150 3B 45 0C                        	CMP	EAX,DWORD [12+EBP]
   179 00000153 74 69                           	JE	L62
   180 00000155                                 L40:
   181 00000155 39 D3                           	CMP	EBX,EDX
   182 00000157 7D 1F                           	JGE	L48
   183 00000159 8B 45 0C                        	MOV	EAX,DWORD [12+EBP]
   184 0000015C 01 F8                           	ADD	EAX,EDI
   185 0000015E 3B 44 D9 10                     	CMP	EAX,DWORD [16+ECX+EBX*8]
   186 00000162 74 07                           	JE	L63
   187 00000164                                 L61:
   188 00000164 31 C0                           	XOR	EAX,EAX
   189 00000166                                 L33:
   190 00000166 5B                              	POP	EBX
   191 00000167 5E                              	POP	ESI
   192 00000168 5F                              	POP	EDI
   193 00000169 5D                              	POP	EBP
   194 0000016A C3                              	RET
   195 0000016B                                 L63:
   196 0000016B 8B 45 0C                        	MOV	EAX,DWORD [12+EBP]
   197 0000016E 01 7C D9 14                     	ADD	DWORD [20+ECX+EBX*8],EDI
   198 00000172 89 44 D9 10                     	MOV	DWORD [16+ECX+EBX*8],EAX
   199 00000176 EB EC                           	JMP	L61
   200 00000178                                 L48:
   201 00000178 81 FA 00000FF9                  	CMP	EDX,4089
   202 0000017E 7F 33                           	JG	L50
   203 00000180 39 DA                           	CMP	EDX,EBX
   204 00000182 7E 15                           	JLE	L60
   205 00000184                                 L55:
   206 00000184 8B 44 D1 08                     	MOV	EAX,DWORD [8+ECX+EDX*8]
   207 00000188 89 44 D1 10                     	MOV	DWORD [16+ECX+EDX*8],EAX
   208 0000018C 8B 44 D1 0C                     	MOV	EAX,DWORD [12+ECX+EDX*8]
   209 00000190 89 44 D1 14                     	MOV	DWORD [20+ECX+EDX*8],EAX
   210 00000194 4A                              	DEC	EDX
   211 00000195 39 DA                           	CMP	EDX,EBX
   212 00000197 7F EB                           	JG	L55
   213 00000199                                 L60:
   214 00000199 8B 01                           	MOV	EAX,DWORD [ECX]
   215 0000019B 40                              	INC	EAX
   216 0000019C 89 01                           	MOV	DWORD [ECX],EAX
   217 0000019E 39 41 04                        	CMP	DWORD [4+ECX],EAX
   218 000001A1 7E 03                           	JLE	L56
   219 000001A3 89 41 04                        	MOV	DWORD [4+ECX],EAX
   220 000001A6                                 L56:
   221 000001A6 8B 45 0C                        	MOV	EAX,DWORD [12+EBP]
   222 000001A9 89 7C D9 14                     	MOV	DWORD [20+ECX+EBX*8],EDI
   223 000001AD 89 44 D9 10                     	MOV	DWORD [16+ECX+EBX*8],EAX
   224 000001B1 EB B1                           	JMP	L61
   225 000001B3                                 L50:
   226 000001B3 01 79 08                        	ADD	DWORD [8+ECX],EDI
   227 000001B6 83 C8 FF                        	OR	EAX,-1
   228 000001B9 FF 41 0C                        	INC	DWORD [12+ECX]
   229 000001BC EB A8                           	JMP	L33
   230 000001BE                                 L62:
   231 000001BE 8B 45 0C                        	MOV	EAX,DWORD [12+EBP]
   232 000001C1 8D 14 37                        	LEA	EDX,DWORD [EDI+ESI*1]
   233 000001C4 01 F8                           	ADD	EAX,EDI
   234 000001C6 89 54 D9 0C                     	MOV	DWORD [12+ECX+EBX*8],EDX
   235 000001CA 3B 44 D9 10                     	CMP	EAX,DWORD [16+ECX+EBX*8]
   236 000001CE 75 94                           	JNE	L61
   237 000001D0 8D 04 17                        	LEA	EAX,DWORD [EDI+EDX*1]
   238 000001D3 89 DA                           	MOV	EDX,EBX
   239 000001D5 89 44 D9 0C                     	MOV	DWORD [12+ECX+EBX*8],EAX
   240 000001D9 8B 01                           	MOV	EAX,DWORD [ECX]
   241 000001DB 48                              	DEC	EAX
   242 000001DC 89 01                           	MOV	DWORD [ECX],EAX
   243 000001DE 39 C3                           	CMP	EBX,EAX
   244 000001E0 0F 8D FFFFFF7E                  	JGE	L61
   245 000001E6                                 L47:
   246 000001E6 8B 44 D1 18                     	MOV	EAX,DWORD [24+ECX+EDX*8]
   247 000001EA 89 44 D1 10                     	MOV	DWORD [16+ECX+EDX*8],EAX
   248 000001EE 8B 44 D1 1C                     	MOV	EAX,DWORD [28+ECX+EDX*8]
   249 000001F2 89 44 D1 14                     	MOV	DWORD [20+ECX+EDX*8],EAX
   250 000001F6 42                              	INC	EDX
   251 000001F7 3B 11                           	CMP	EDX,DWORD [ECX]
   252 000001F9 7C EB                           	JL	L47
   253 000001FB E9 FFFFFF64                     	JMP	L61
   254 00000200                                 	GLOBAL	_memman_alloc_4k
   255 00000200                                 _memman_alloc_4k:
   256 00000200 55                              	PUSH	EBP
   257 00000201 89 E5                           	MOV	EBP,ESP
   258 00000203 8B 45 0C                        	MOV	EAX,DWORD [12+EBP]
   259 00000206 05 00000FFF                     	ADD	EAX,4095
   260 0000020B 25 FFFFF000                     	AND	EAX,-4096
   261 00000210 89 45 0C                        	MOV	DWORD [12+EBP],EAX
   262 00000213 5D                              	POP	EBP
   263 00000214 E9 FFFFFEA6                     	JMP	_memman_alloc
   264 00000219                                 	GLOBAL	_memman_free_4k
   265 00000219                                 _memman_free_4k:
   266 00000219 55                              	PUSH	EBP
   267 0000021A 89 E5                           	MOV	EBP,ESP
   268 0000021C 8B 45 10                        	MOV	EAX,DWORD [16+EBP]
   269 0000021F 05 00000FFF                     	ADD	EAX,4095
   270 00000224 25 FFFFF000                     	AND	EAX,-4096
   271 00000229 89 45 10                        	MOV	DWORD [16+EBP],EAX
   272 0000022C 5D                              	POP	EBP
   273 0000022D E9 FFFFFEEE                     	JMP	_memman_free
