     1 00000000                                 [FORMAT "WCOFF"]
     2 00000000                                 [INSTRSET "i486p"]
     3 00000000                                 [OPTIMIZE 1]
     4 00000000                                 [OPTION 1]
     5 00000000                                 [BITS 32]
     6 00000000                                 	EXTERN	_memman_alloc_4k
     7 00000000                                 	EXTERN	_memman_free_4k
     8 00000000                                 [FILE "sheet.c"]
     9                                          [SECTION .text]
    10 00000000                                 	GLOBAL	_shtctl_init
    11 00000000                                 _shtctl_init:
    12 00000000 55                              	PUSH	EBP
    13 00000001 89 E5                           	MOV	EBP,ESP
    14 00000003 57                              	PUSH	EDI
    15 00000004 56                              	PUSH	ESI
    16 00000005 53                              	PUSH	EBX
    17 00000006 8B 75 08                        	MOV	ESI,DWORD [8+EBP]
    18 00000009 68 00002C14                     	PUSH	11284
    19 0000000E 8B 7D 10                        	MOV	EDI,DWORD [16+EBP]
    20 00000011 56                              	PUSH	ESI
    21 00000012 E8 [00000000]                   	CALL	_memman_alloc_4k
    22 00000017 89 C3                           	MOV	EBX,EAX
    23 00000019 58                              	POP	EAX
    24 0000001A 5A                              	POP	EDX
    25 0000001B 85 DB                           	TEST	EBX,EBX
    26 0000001D 74 4A                           	JE	L3
    27 0000001F 8B 45 14                        	MOV	EAX,DWORD [20+EBP]
    28 00000022 0F AF C7                        	IMUL	EAX,EDI
    29 00000025 50                              	PUSH	EAX
    30 00000026 56                              	PUSH	ESI
    31 00000027 E8 [00000000]                   	CALL	_memman_alloc_4k
    32 0000002C 85 C0                           	TEST	EAX,EAX
    33 0000002E 89 43 04                        	MOV	DWORD [4+EBX],EAX
    34 00000031 5A                              	POP	EDX
    35 00000032 59                              	POP	ECX
    36 00000033 74 3E                           	JE	L11
    37 00000035 8B 45 0C                        	MOV	EAX,DWORD [12+EBP]
    38 00000038 89 7B 08                        	MOV	DWORD [8+EBX],EDI
    39 0000003B 89 03                           	MOV	DWORD [EBX],EAX
    40 0000003D 8D 93 000027D8                  	LEA	EDX,DWORD [10200+EBX]
    41 00000043 8B 45 14                        	MOV	EAX,DWORD [20+EBP]
    42 00000046 89 43 0C                        	MOV	DWORD [12+EBX],EAX
    43 00000049 89 D8                           	MOV	EAX,EBX
    44 0000004B C7 43 10 FFFFFFFF               	MOV	DWORD [16+EBX],-1
    45 00000052                                 L9:
    46 00000052 C7 80 00000430 00000000         	MOV	DWORD [1072+EAX],0
    47 0000005C 89 98 00000434                  	MOV	DWORD [1076+EAX],EBX
    48 00000062 83 C0 28                        	ADD	EAX,40
    49 00000065 39 D0                           	CMP	EAX,EDX
    50 00000067 7E E9                           	JLE	L9
    51 00000069                                 L3:
    52 00000069 8D 65 F4                        	LEA	ESP,DWORD [-12+EBP]
    53 0000006C 89 D8                           	MOV	EAX,EBX
    54 0000006E 5B                              	POP	EBX
    55 0000006F 5E                              	POP	ESI
    56 00000070 5F                              	POP	EDI
    57 00000071 5D                              	POP	EBP
    58 00000072 C3                              	RET
    59 00000073                                 L11:
    60 00000073 68 00002C14                     	PUSH	11284
    61 00000078 53                              	PUSH	EBX
    62 00000079 56                              	PUSH	ESI
    63 0000007A E8 [00000000]                   	CALL	_memman_free_4k
    64 0000007F 83 C4 0C                        	ADD	ESP,12
    65 00000082 EB E5                           	JMP	L3
    66 00000084                                 	GLOBAL	_sheet_alloc
    67 00000084                                 _sheet_alloc:
    68 00000084 55                              	PUSH	EBP
    69 00000085 31 D2                           	XOR	EDX,EDX
    70 00000087 89 E5                           	MOV	EBP,ESP
    71 00000089 8B 45 08                        	MOV	EAX,DWORD [8+EBP]
    72 0000008C 05 00000414                     	ADD	EAX,1044
    73 00000091                                 L18:
    74 00000091 83 78 1C 00                     	CMP	DWORD [28+EAX],0
    75 00000095 74 10                           	JE	L21
    76 00000097 42                              	INC	EDX
    77 00000098 83 C0 28                        	ADD	EAX,40
    78 0000009B 81 FA 000000FF                  	CMP	EDX,255
    79 000000A1 7E EE                           	JLE	L18
    80 000000A3 31 C0                           	XOR	EAX,EAX
    81 000000A5                                 L12:
    82 000000A5 5D                              	POP	EBP
    83 000000A6 C3                              	RET
    84 000000A7                                 L21:
    85 000000A7 C7 40 1C 00000001               	MOV	DWORD [28+EAX],1
    86 000000AE C7 40 18 FFFFFFFF               	MOV	DWORD [24+EAX],-1
    87 000000B5 C7 40 24 00000000               	MOV	DWORD [36+EAX],0
    88 000000BC EB E7                           	JMP	L12
    89 000000BE                                 	GLOBAL	_sheet_setbuf
    90 000000BE                                 _sheet_setbuf:
    91 000000BE 55                              	PUSH	EBP
    92 000000BF 89 E5                           	MOV	EBP,ESP
    93 000000C1 8B 55 08                        	MOV	EDX,DWORD [8+EBP]
    94 000000C4 8B 45 0C                        	MOV	EAX,DWORD [12+EBP]
    95 000000C7 89 02                           	MOV	DWORD [EDX],EAX
    96 000000C9 8B 45 10                        	MOV	EAX,DWORD [16+EBP]
    97 000000CC 89 42 04                        	MOV	DWORD [4+EDX],EAX
    98 000000CF 8B 45 14                        	MOV	EAX,DWORD [20+EBP]
    99 000000D2 89 42 08                        	MOV	DWORD [8+EDX],EAX
   100 000000D5 8B 45 18                        	MOV	EAX,DWORD [24+EBP]
   101 000000D8 89 42 14                        	MOV	DWORD [20+EDX],EAX
   102 000000DB 5D                              	POP	EBP
   103 000000DC C3                              	RET
   104 000000DD                                 	GLOBAL	_sheet_refreshmap
   105 000000DD                                 _sheet_refreshmap:
   106 000000DD 55                              	PUSH	EBP
   107 000000DE 89 E5                           	MOV	EBP,ESP
   108 000000E0 57                              	PUSH	EDI
   109 000000E1 56                              	PUSH	ESI
   110 000000E2 53                              	PUSH	EBX
   111 000000E3 83 EC 28                        	SUB	ESP,40
   112 000000E6 8B 45 08                        	MOV	EAX,DWORD [8+EBP]
   113 000000E9 83 7D 0C 00                     	CMP	DWORD [12+EBP],0
   114 000000ED 8B 40 04                        	MOV	EAX,DWORD [4+EAX]
   115 000000F0 89 45 DC                        	MOV	DWORD [-36+EBP],EAX
   116 000000F3 0F 88 00000135                  	JS	L54
   117 000000F9                                 L24:
   118 000000F9 83 7D 10 00                     	CMP	DWORD [16+EBP],0
   119 000000FD 0F 88 0000011F                  	JS	L55
   120 00000103                                 L25:
   121 00000103 8B 55 08                        	MOV	EDX,DWORD [8+EBP]
   122 00000106 8B 42 08                        	MOV	EAX,DWORD [8+EDX]
   123 00000109 39 45 14                        	CMP	DWORD [20+EBP],EAX
   124 0000010C 7E 03                           	JLE	L26
   125 0000010E 89 45 14                        	MOV	DWORD [20+EBP],EAX
   126 00000111                                 L26:
   127 00000111 8B 75 08                        	MOV	ESI,DWORD [8+EBP]
   128 00000114 8B 46 0C                        	MOV	EAX,DWORD [12+ESI]
   129 00000117 39 45 18                        	CMP	DWORD [24+EBP],EAX
   130 0000011A 7E 03                           	JLE	L27
   131 0000011C 89 45 18                        	MOV	DWORD [24+EBP],EAX
   132 0000011F                                 L27:
   133 0000011F 8B 45 08                        	MOV	EAX,DWORD [8+EBP]
   134 00000122 8B 7D 1C                        	MOV	EDI,DWORD [28+EBP]
   135 00000125 89 7D F0                        	MOV	DWORD [-16+EBP],EDI
   136 00000128 3B 78 10                        	CMP	EDI,DWORD [16+EAX]
   137 0000012B 0F 8F 000000D6                  	JG	L49
   138 00000131                                 L47:
   139 00000131 8B 75 08                        	MOV	ESI,DWORD [8+EBP]
   140 00000134 8B 55 F0                        	MOV	EDX,DWORD [-16+EBP]
   141 00000137 8B 5D 10                        	MOV	EBX,DWORD [16+EBP]
   142 0000013A 8B 4C 96 14                     	MOV	ECX,DWORD [20+ESI+EDX*4]
   143 0000013E 89 C8                           	MOV	EAX,ECX
   144 00000140 29 F0                           	SUB	EAX,ESI
   145 00000142 8B 39                           	MOV	EDI,DWORD [ECX]
   146 00000144 2D 00000414                     	SUB	EAX,1044
   147 00000149 8B 51 10                        	MOV	EDX,DWORD [16+ECX]
   148 0000014C C1 F8 03                        	SAR	EAX,3
   149 0000014F 89 7D E0                        	MOV	DWORD [-32+EBP],EDI
   150 00000152 69 C0 CCCCCCCD                  	IMUL	EAX,EAX,-858993459
   151 00000158 8B 7D 18                        	MOV	EDI,DWORD [24+EBP]
   152 0000015B 29 D3                           	SUB	EBX,EDX
   153 0000015D 29 D7                           	SUB	EDI,EDX
   154 0000015F 88 45 DB                        	MOV	BYTE [-37+EBP],AL
   155 00000162 8B 75 14                        	MOV	ESI,DWORD [20+EBP]
   156 00000165 8B 55 0C                        	MOV	EDX,DWORD [12+EBP]
   157 00000168 8B 41 0C                        	MOV	EAX,DWORD [12+ECX]
   158 0000016B 89 7D D4                        	MOV	DWORD [-44+EBP],EDI
   159 0000016E 29 C6                           	SUB	ESI,EAX
   160 00000170 29 C2                           	SUB	EDX,EAX
   161 00000172 89 75 CC                        	MOV	DWORD [-52+EBP],ESI
   162 00000175 89 55 E4                        	MOV	DWORD [-28+EBP],EDX
   163 00000178 0F 88 00000098                  	JS	L56
   164 0000017E                                 L32:
   165 0000017E 85 DB                           	TEST	EBX,EBX
   166 00000180 0F 88 00000089                  	JS	L57
   167 00000186                                 L33:
   168 00000186 8B 41 04                        	MOV	EAX,DWORD [4+ECX]
   169 00000189 39 45 CC                        	CMP	DWORD [-52+EBP],EAX
   170 0000018C 7E 03                           	JLE	L34
   171 0000018E 89 45 CC                        	MOV	DWORD [-52+EBP],EAX
   172 00000191                                 L34:
   173 00000191 8B 41 08                        	MOV	EAX,DWORD [8+ECX]
   174 00000194 39 45 D4                        	CMP	DWORD [-44+EBP],EAX
   175 00000197 7E 03                           	JLE	L35
   176 00000199 89 45 D4                        	MOV	DWORD [-44+EBP],EAX
   177 0000019C                                 L35:
   178 0000019C 3B 5D D4                        	CMP	EBX,DWORD [-44+EBP]
   179 0000019F 7D 54                           	JGE	L51
   180 000001A1                                 L46:
   181 000001A1 8B 71 10                        	MOV	ESI,DWORD [16+ECX]
   182 000001A4 8B 55 E4                        	MOV	EDX,DWORD [-28+EBP]
   183 000001A7 01 DE                           	ADD	ESI,EBX
   184 000001A9 3B 55 CC                        	CMP	EDX,DWORD [-52+EBP]
   185 000001AC 89 75 E8                        	MOV	DWORD [-24+EBP],ESI
   186 000001AF 7D 3E                           	JGE	L53
   187 000001B1                                 L45:
   188 000001B1 89 D8                           	MOV	EAX,EBX
   189 000001B3 8B 79 0C                        	MOV	EDI,DWORD [12+ECX]
   190 000001B6 0F AF 41 04                     	IMUL	EAX,DWORD [4+ECX]
   191 000001BA 01 D7                           	ADD	EDI,EDX
   192 000001BC 8B 75 E0                        	MOV	ESI,DWORD [-32+EBP]
   193 000001BF 01 D0                           	ADD	EAX,EDX
   194 000001C1 89 7D EC                        	MOV	DWORD [-20+EBP],EDI
   195 000001C4 0F B6 34 30                     	MOVZX	ESI,BYTE [EAX+ESI*1]
   196 000001C8 3B 71 14                        	CMP	ESI,DWORD [20+ECX]
   197 000001CB 74 1C                           	JE	L42
   198 000001CD 8B 7D 08                        	MOV	EDI,DWORD [8+EBP]
   199 000001D0 8B 45 E8                        	MOV	EAX,DWORD [-24+EBP]
   200 000001D3 8B 75 DC                        	MOV	ESI,DWORD [-36+EBP]
   201 000001D6 0F AF 47 08                     	IMUL	EAX,DWORD [8+EDI]
   202 000001DA 03 45 EC                        	ADD	EAX,DWORD [-20+EBP]
   203 000001DD 89 45 D0                        	MOV	DWORD [-48+EBP],EAX
   204 000001E0 8A 45 DB                        	MOV	AL,BYTE [-37+EBP]
   205 000001E3 8B 7D D0                        	MOV	EDI,DWORD [-48+EBP]
   206 000001E6 88 04 37                        	MOV	BYTE [EDI+ESI*1],AL
   207 000001E9                                 L42:
   208 000001E9 42                              	INC	EDX
   209 000001EA 3B 55 CC                        	CMP	EDX,DWORD [-52+EBP]
   210 000001ED 7C C2                           	JL	L45
   211 000001EF                                 L53:
   212 000001EF 43                              	INC	EBX
   213 000001F0 3B 5D D4                        	CMP	EBX,DWORD [-44+EBP]
   214 000001F3 7C AC                           	JL	L46
   215 000001F5                                 L51:
   216 000001F5 8B 55 08                        	MOV	EDX,DWORD [8+EBP]
   217 000001F8 FF 45 F0                        	INC	DWORD [-16+EBP]
   218 000001FB 8B 45 F0                        	MOV	EAX,DWORD [-16+EBP]
   219 000001FE 3B 42 10                        	CMP	EAX,DWORD [16+EDX]
   220 00000201 0F 8E FFFFFF2A                  	JLE	L47
   221 00000207                                 L49:
   222 00000207 83 C4 28                        	ADD	ESP,40
   223 0000020A 5B                              	POP	EBX
   224 0000020B 5E                              	POP	ESI
   225 0000020C 5F                              	POP	EDI
   226 0000020D 5D                              	POP	EBP
   227 0000020E C3                              	RET
   228 0000020F                                 L57:
   229 0000020F 31 DB                           	XOR	EBX,EBX
   230 00000211 E9 FFFFFF70                     	JMP	L33
   231 00000216                                 L56:
   232 00000216 C7 45 E4 00000000               	MOV	DWORD [-28+EBP],0
   233 0000021D E9 FFFFFF5C                     	JMP	L32
   234 00000222                                 L55:
   235 00000222 C7 45 10 00000000               	MOV	DWORD [16+EBP],0
   236 00000229 E9 FFFFFED5                     	JMP	L25
   237 0000022E                                 L54:
   238 0000022E C7 45 0C 00000000               	MOV	DWORD [12+EBP],0
   239 00000235 E9 FFFFFEBF                     	JMP	L24
   240 0000023A                                 	GLOBAL	_sheet_refreshsub
   241 0000023A                                 _sheet_refreshsub:
   242 0000023A 55                              	PUSH	EBP
   243 0000023B 89 E5                           	MOV	EBP,ESP
   244 0000023D 57                              	PUSH	EDI
   245 0000023E 56                              	PUSH	ESI
   246 0000023F 53                              	PUSH	EBX
   247 00000240 83 EC 2C                        	SUB	ESP,44
   248 00000243 8B 45 08                        	MOV	EAX,DWORD [8+EBP]
   249 00000246 8B 55 08                        	MOV	EDX,DWORD [8+EBP]
   250 00000249 83 7D 0C 00                     	CMP	DWORD [12+EBP],0
   251 0000024D 8B 00                           	MOV	EAX,DWORD [EAX]
   252 0000024F 8B 52 04                        	MOV	EDX,DWORD [4+EDX]
   253 00000252 89 45 DC                        	MOV	DWORD [-36+EBP],EAX
   254 00000255 89 55 D8                        	MOV	DWORD [-40+EBP],EDX
   255 00000258 0F 88 00000133                  	JS	L89
   256 0000025E                                 L59:
   257 0000025E 83 7D 10 00                     	CMP	DWORD [16+EBP],0
   258 00000262 0F 88 0000011D                  	JS	L90
   259 00000268                                 L60:
   260 00000268 8B 75 08                        	MOV	ESI,DWORD [8+EBP]
   261 0000026B 8B 46 08                        	MOV	EAX,DWORD [8+ESI]
   262 0000026E 39 45 14                        	CMP	DWORD [20+EBP],EAX
   263 00000271 7E 03                           	JLE	L61
   264 00000273 89 45 14                        	MOV	DWORD [20+EBP],EAX
   265 00000276                                 L61:
   266 00000276 8B 7D 08                        	MOV	EDI,DWORD [8+EBP]
   267 00000279 8B 47 0C                        	MOV	EAX,DWORD [12+EDI]
   268 0000027C 39 45 18                        	CMP	DWORD [24+EBP],EAX
   269 0000027F 7E 03                           	JLE	L62
   270 00000281 89 45 18                        	MOV	DWORD [24+EBP],EAX
   271 00000284                                 L62:
   272 00000284 8B 45 1C                        	MOV	EAX,DWORD [28+EBP]
   273 00000287 8B 55 20                        	MOV	EDX,DWORD [32+EBP]
   274 0000028A 89 45 F0                        	MOV	DWORD [-16+EBP],EAX
   275 0000028D 39 D0                           	CMP	EAX,EDX
   276 0000028F 0F 8F 000000BC                  	JG	L84
   277 00000295                                 L82:
   278 00000295 8B 7D 08                        	MOV	EDI,DWORD [8+EBP]
   279 00000298 8B 75 F0                        	MOV	ESI,DWORD [-16+EBP]
   280 0000029B 8B 4D 10                        	MOV	ECX,DWORD [16+EBP]
   281 0000029E 8B 5C B7 14                     	MOV	EBX,DWORD [20+EDI+ESI*4]
   282 000002A2 8B 75 14                        	MOV	ESI,DWORD [20+EBP]
   283 000002A5 89 D8                           	MOV	EAX,EBX
   284 000002A7 29 F8                           	SUB	EAX,EDI
   285 000002A9 8B 53 10                        	MOV	EDX,DWORD [16+EBX]
   286 000002AC 2D 00000414                     	SUB	EAX,1044
   287 000002B1 8B 7D 18                        	MOV	EDI,DWORD [24+EBP]
   288 000002B4 C1 F8 03                        	SAR	EAX,3
   289 000002B7 29 D7                           	SUB	EDI,EDX
   290 000002B9 69 C0 CCCCCCCD                  	IMUL	EAX,EAX,-858993459
   291 000002BF 88 45 D7                        	MOV	BYTE [-41+EBP],AL
   292 000002C2 29 D1                           	SUB	ECX,EDX
   293 000002C4 8B 03                           	MOV	EAX,DWORD [EBX]
   294 000002C6 8B 55 0C                        	MOV	EDX,DWORD [12+EBP]
   295 000002C9 89 45 E0                        	MOV	DWORD [-32+EBP],EAX
   296 000002CC 89 7D C8                        	MOV	DWORD [-56+EBP],EDI
   297 000002CF 8B 43 0C                        	MOV	EAX,DWORD [12+EBX]
   298 000002D2 29 C6                           	SUB	ESI,EAX
   299 000002D4 29 C2                           	SUB	EDX,EAX
   300 000002D6 89 75 E4                        	MOV	DWORD [-28+EBP],ESI
   301 000002D9 89 55 E8                        	MOV	DWORD [-24+EBP],EDX
   302 000002DC 0F 88 00000097                  	JS	L91
   303 000002E2                                 L67:
   304 000002E2 85 C9                           	TEST	ECX,ECX
   305 000002E4 0F 88 00000088                  	JS	L92
   306 000002EA                                 L68:
   307 000002EA 8B 43 04                        	MOV	EAX,DWORD [4+EBX]
   308 000002ED 39 45 E4                        	CMP	DWORD [-28+EBP],EAX
   309 000002F0 7E 03                           	JLE	L69
   310 000002F2 89 45 E4                        	MOV	DWORD [-28+EBP],EAX
   311 000002F5                                 L69:
   312 000002F5 8B 43 08                        	MOV	EAX,DWORD [8+EBX]
   313 000002F8 39 45 C8                        	CMP	DWORD [-56+EBP],EAX
   314 000002FB 7E 03                           	JLE	L70
   315 000002FD 89 45 C8                        	MOV	DWORD [-56+EBP],EAX
   316 00000300                                 L70:
   317 00000300 89 CE                           	MOV	ESI,ECX
   318 00000302 3B 4D C8                        	CMP	ECX,DWORD [-56+EBP]
   319 00000305 7D 3B                           	JGE	L86
   320 00000307                                 L81:
   321 00000307 8B 7B 10                        	MOV	EDI,DWORD [16+EBX]
   322 0000030A 8B 4D E8                        	MOV	ECX,DWORD [-24+EBP]
   323 0000030D 01 F7                           	ADD	EDI,ESI
   324 0000030F 3B 4D E4                        	CMP	ECX,DWORD [-28+EBP]
   325 00000312 89 7D EC                        	MOV	DWORD [-20+EBP],EDI
   326 00000315 7D 25                           	JGE	L88
   327 00000317                                 L80:
   328 00000317 8B 55 08                        	MOV	EDX,DWORD [8+EBP]
   329 0000031A 8B 7D EC                        	MOV	EDI,DWORD [-20+EBP]
   330 0000031D 8B 43 0C                        	MOV	EAX,DWORD [12+EBX]
   331 00000320 0F AF 7A 08                     	IMUL	EDI,DWORD [8+EDX]
   332 00000324 01 C8                           	ADD	EAX,ECX
   333 00000326 8A 55 D7                        	MOV	DL,BYTE [-41+EBP]
   334 00000329 01 F8                           	ADD	EAX,EDI
   335 0000032B 8B 7D D8                        	MOV	EDI,DWORD [-40+EBP]
   336 0000032E 89 45 CC                        	MOV	DWORD [-52+EBP],EAX
   337 00000331 3A 14 38                        	CMP	DL,BYTE [EAX+EDI*1]
   338 00000334 74 23                           	JE	L93
   339 00000336                                 L77:
   340 00000336 41                              	INC	ECX
   341 00000337 3B 4D E4                        	CMP	ECX,DWORD [-28+EBP]
   342 0000033A 7C DB                           	JL	L80
   343 0000033C                                 L88:
   344 0000033C 46                              	INC	ESI
   345 0000033D 3B 75 C8                        	CMP	ESI,DWORD [-56+EBP]
   346 00000340 7C C5                           	JL	L81
   347 00000342                                 L86:
   348 00000342 8B 75 20                        	MOV	ESI,DWORD [32+EBP]
   349 00000345 FF 45 F0                        	INC	DWORD [-16+EBP]
   350 00000348 39 75 F0                        	CMP	DWORD [-16+EBP],ESI
   351 0000034B 0F 8E FFFFFF44                  	JLE	L82
   352 00000351                                 L84:
   353 00000351 83 C4 2C                        	ADD	ESP,44
   354 00000354 5B                              	POP	EBX
   355 00000355 5E                              	POP	ESI
   356 00000356 5F                              	POP	EDI
   357 00000357 5D                              	POP	EBP
   358 00000358 C3                              	RET
   359 00000359                                 L93:
   360 00000359 89 F0                           	MOV	EAX,ESI
   361 0000035B 8B 55 E0                        	MOV	EDX,DWORD [-32+EBP]
   362 0000035E 0F AF 43 04                     	IMUL	EAX,DWORD [4+EBX]
   363 00000362 01 C8                           	ADD	EAX,ECX
   364 00000364 8B 7D DC                        	MOV	EDI,DWORD [-36+EBP]
   365 00000367 8A 04 10                        	MOV	AL,BYTE [EAX+EDX*1]
   366 0000036A 8B 55 CC                        	MOV	EDX,DWORD [-52+EBP]
   367 0000036D 88 04 3A                        	MOV	BYTE [EDX+EDI*1],AL
   368 00000370 EB C4                           	JMP	L77
   369 00000372                                 L92:
   370 00000372 31 C9                           	XOR	ECX,ECX
   371 00000374 E9 FFFFFF71                     	JMP	L68
   372 00000379                                 L91:
   373 00000379 C7 45 E8 00000000               	MOV	DWORD [-24+EBP],0
   374 00000380 E9 FFFFFF5D                     	JMP	L67
   375 00000385                                 L90:
   376 00000385 C7 45 10 00000000               	MOV	DWORD [16+EBP],0
   377 0000038C E9 FFFFFED7                     	JMP	L60
   378 00000391                                 L89:
   379 00000391 C7 45 0C 00000000               	MOV	DWORD [12+EBP],0
   380 00000398 E9 FFFFFEC1                     	JMP	L59
   381 0000039D                                 	GLOBAL	_sheet_refresh
   382 0000039D                                 _sheet_refresh:
   383 0000039D 55                              	PUSH	EBP
   384 0000039E 89 E5                           	MOV	EBP,ESP
   385 000003A0 53                              	PUSH	EBX
   386 000003A1 8B 5D 08                        	MOV	EBX,DWORD [8+EBP]
   387 000003A4 8B 43 18                        	MOV	EAX,DWORD [24+EBX]
   388 000003A7 85 C0                           	TEST	EAX,EAX
   389 000003A9 78 27                           	JS	L94
   390 000003AB 50                              	PUSH	EAX
   391 000003AC 50                              	PUSH	EAX
   392 000003AD 8B 4B 10                        	MOV	ECX,DWORD [16+EBX]
   393 000003B0 89 C8                           	MOV	EAX,ECX
   394 000003B2 03 4D 10                        	ADD	ECX,DWORD [16+EBP]
   395 000003B5 03 45 18                        	ADD	EAX,DWORD [24+EBP]
   396 000003B8 50                              	PUSH	EAX
   397 000003B9 8B 53 0C                        	MOV	EDX,DWORD [12+EBX]
   398 000003BC 89 D0                           	MOV	EAX,EDX
   399 000003BE 03 55 0C                        	ADD	EDX,DWORD [12+EBP]
   400 000003C1 03 45 14                        	ADD	EAX,DWORD [20+EBP]
   401 000003C4 50                              	PUSH	EAX
   402 000003C5 51                              	PUSH	ECX
   403 000003C6 52                              	PUSH	EDX
   404 000003C7 FF 73 20                        	PUSH	DWORD [32+EBX]
   405 000003CA E8 FFFFFE6B                     	CALL	_sheet_refreshsub
   406 000003CF 83 C4 1C                        	ADD	ESP,28
   407 000003D2                                 L94:
   408 000003D2 8B 5D FC                        	MOV	EBX,DWORD [-4+EBP]
   409 000003D5 C9                              	LEAVE
   410 000003D6 C3                              	RET
   411 000003D7                                 	GLOBAL	_sheet_slide
   412 000003D7                                 _sheet_slide:
   413 000003D7 55                              	PUSH	EBP
   414 000003D8 89 E5                           	MOV	EBP,ESP
   415 000003DA 57                              	PUSH	EDI
   416 000003DB 56                              	PUSH	ESI
   417 000003DC 53                              	PUSH	EBX
   418 000003DD 8B 45 0C                        	MOV	EAX,DWORD [12+EBP]
   419 000003E0 8B 5D 08                        	MOV	EBX,DWORD [8+EBP]
   420 000003E3 8B 7B 0C                        	MOV	EDI,DWORD [12+EBX]
   421 000003E6 8B 73 10                        	MOV	ESI,DWORD [16+EBX]
   422 000003E9 89 43 0C                        	MOV	DWORD [12+EBX],EAX
   423 000003EC 8B 45 10                        	MOV	EAX,DWORD [16+EBP]
   424 000003EF 89 43 10                        	MOV	DWORD [16+EBX],EAX
   425 000003F2 83 7B 18 00                     	CMP	DWORD [24+EBX],0
   426 000003F6 78 7C                           	JS	L96
   427 000003F8 6A 00                           	PUSH	0
   428 000003FA 89 F0                           	MOV	EAX,ESI
   429 000003FC 03 43 08                        	ADD	EAX,DWORD [8+EBX]
   430 000003FF 50                              	PUSH	EAX
   431 00000400 89 F8                           	MOV	EAX,EDI
   432 00000402 03 43 04                        	ADD	EAX,DWORD [4+EBX]
   433 00000405 50                              	PUSH	EAX
   434 00000406 56                              	PUSH	ESI
   435 00000407 57                              	PUSH	EDI
   436 00000408 FF 73 20                        	PUSH	DWORD [32+EBX]
   437 0000040B E8 FFFFFCCD                     	CALL	_sheet_refreshmap
   438 00000410 8B 45 10                        	MOV	EAX,DWORD [16+EBP]
   439 00000413 FF 73 18                        	PUSH	DWORD [24+EBX]
   440 00000416 03 43 08                        	ADD	EAX,DWORD [8+EBX]
   441 00000419 50                              	PUSH	EAX
   442 0000041A 8B 45 0C                        	MOV	EAX,DWORD [12+EBP]
   443 0000041D 03 43 04                        	ADD	EAX,DWORD [4+EBX]
   444 00000420 50                              	PUSH	EAX
   445 00000421 FF 75 10                        	PUSH	DWORD [16+EBP]
   446 00000424 FF 75 0C                        	PUSH	DWORD [12+EBP]
   447 00000427 FF 73 20                        	PUSH	DWORD [32+EBX]
   448 0000042A E8 FFFFFCAE                     	CALL	_sheet_refreshmap
   449 0000042F 8B 43 18                        	MOV	EAX,DWORD [24+EBX]
   450 00000432 83 C4 30                        	ADD	ESP,48
   451 00000435 48                              	DEC	EAX
   452 00000436 50                              	PUSH	EAX
   453 00000437 89 F0                           	MOV	EAX,ESI
   454 00000439 6A 00                           	PUSH	0
   455 0000043B 03 43 08                        	ADD	EAX,DWORD [8+EBX]
   456 0000043E 50                              	PUSH	EAX
   457 0000043F 89 F8                           	MOV	EAX,EDI
   458 00000441 03 43 04                        	ADD	EAX,DWORD [4+EBX]
   459 00000444 50                              	PUSH	EAX
   460 00000445 56                              	PUSH	ESI
   461 00000446 57                              	PUSH	EDI
   462 00000447 FF 73 20                        	PUSH	DWORD [32+EBX]
   463 0000044A E8 FFFFFDEB                     	CALL	_sheet_refreshsub
   464 0000044F 8B 45 10                        	MOV	EAX,DWORD [16+EBP]
   465 00000452 FF 73 18                        	PUSH	DWORD [24+EBX]
   466 00000455 FF 73 18                        	PUSH	DWORD [24+EBX]
   467 00000458 03 43 08                        	ADD	EAX,DWORD [8+EBX]
   468 0000045B 50                              	PUSH	EAX
   469 0000045C 8B 45 0C                        	MOV	EAX,DWORD [12+EBP]
   470 0000045F 03 43 04                        	ADD	EAX,DWORD [4+EBX]
   471 00000462 50                              	PUSH	EAX
   472 00000463 FF 75 10                        	PUSH	DWORD [16+EBP]
   473 00000466 FF 75 0C                        	PUSH	DWORD [12+EBP]
   474 00000469 FF 73 20                        	PUSH	DWORD [32+EBX]
   475 0000046C E8 FFFFFDC9                     	CALL	_sheet_refreshsub
   476 00000471 83 C4 38                        	ADD	ESP,56
   477 00000474                                 L96:
   478 00000474 8D 65 F4                        	LEA	ESP,DWORD [-12+EBP]
   479 00000477 5B                              	POP	EBX
   480 00000478 5E                              	POP	ESI
   481 00000479 5F                              	POP	EDI
   482 0000047A 5D                              	POP	EBP
   483 0000047B C3                              	RET
   484 0000047C                                 	GLOBAL	_sheet_updown
   485 0000047C                                 _sheet_updown:
   486 0000047C 55                              	PUSH	EBP
   487 0000047D 89 E5                           	MOV	EBP,ESP
   488 0000047F 57                              	PUSH	EDI
   489 00000480 56                              	PUSH	ESI
   490 00000481 53                              	PUSH	EBX
   491 00000482 51                              	PUSH	ECX
   492 00000483 8B 45 08                        	MOV	EAX,DWORD [8+EBP]
   493 00000486 8B 75 0C                        	MOV	ESI,DWORD [12+EBP]
   494 00000489 8B 78 20                        	MOV	EDI,DWORD [32+EAX]
   495 0000048C 8B 50 18                        	MOV	EDX,DWORD [24+EAX]
   496 0000048F 89 55 F0                        	MOV	DWORD [-16+EBP],EDX
   497 00000492 8B 47 10                        	MOV	EAX,DWORD [16+EDI]
   498 00000495 40                              	INC	EAX
   499 00000496 39 C6                           	CMP	ESI,EAX
   500 00000498 7E 02                           	JLE	L99
   501 0000049A 89 C6                           	MOV	ESI,EAX
   502 0000049C                                 L99:
   503 0000049C 83 FE FF                        	CMP	ESI,-1
   504 0000049F 7D 03                           	JGE	L100
   505 000004A1 83 CE FF                        	OR	ESI,-1
   506 000004A4                                 L100:
   507 000004A4 8B 5D 08                        	MOV	EBX,DWORD [8+EBP]
   508 000004A7 39 75 F0                        	CMP	DWORD [-16+EBP],ESI
   509 000004AA 89 73 18                        	MOV	DWORD [24+EBX],ESI
   510 000004AD 0F 8E 0000011B                  	JLE	L101
   511 000004B3 85 F6                           	TEST	ESI,ESI
   512 000004B5 0F 88 0000008E                  	JS	L102
   513 000004BB 8B 5D F0                        	MOV	EBX,DWORD [-16+EBP]
   514 000004BE                                 L107:
   515 000004BE 8B 54 9F 10                     	MOV	EDX,DWORD [16+EDI+EBX*4]
   516 000004C2 8B 4C 9F 14                     	MOV	ECX,DWORD [20+EDI+EBX*4]
   517 000004C6 8B 02                           	MOV	EAX,DWORD [EDX]
   518 000004C8 89 59 18                        	MOV	DWORD [24+ECX],EBX
   519 000004CB 89 01                           	MOV	DWORD [ECX],EAX
   520 000004CD 43                              	INC	EBX
   521 000004CE 8B 42 04                        	MOV	EAX,DWORD [4+EDX]
   522 000004D1 39 F3                           	CMP	EBX,ESI
   523 000004D3 89 41 04                        	MOV	DWORD [4+ECX],EAX
   524 000004D6 8B 42 08                        	MOV	EAX,DWORD [8+EDX]
   525 000004D9 89 41 08                        	MOV	DWORD [8+ECX],EAX
   526 000004DC 8B 42 0C                        	MOV	EAX,DWORD [12+EDX]
   527 000004DF 89 41 0C                        	MOV	DWORD [12+ECX],EAX
   528 000004E2 8B 42 10                        	MOV	EAX,DWORD [16+EDX]
   529 000004E5 89 41 10                        	MOV	DWORD [16+ECX],EAX
   530 000004E8 8B 42 14                        	MOV	EAX,DWORD [20+EDX]
   531 000004EB 89 41 14                        	MOV	DWORD [20+ECX],EAX
   532 000004EE 8B 42 1C                        	MOV	EAX,DWORD [28+EDX]
   533 000004F1 89 41 1C                        	MOV	DWORD [28+ECX],EAX
   534 000004F4 7F C8                           	JG	L107
   535 000004F6 8B 45 08                        	MOV	EAX,DWORD [8+EBP]
   536 000004F9 8D 5E 01                        	LEA	EBX,DWORD [1+ESI]
   537 000004FC 89 44 B7 14                     	MOV	DWORD [20+EDI+ESI*4],EAX
   538 00000500 8B 55 08                        	MOV	EDX,DWORD [8+EBP]
   539 00000503 53                              	PUSH	EBX
   540 00000504 89 D6                           	MOV	ESI,EDX
   541 00000506 8B 48 10                        	MOV	ECX,DWORD [16+EAX]
   542 00000509 89 C8                           	MOV	EAX,ECX
   543 0000050B 03 42 08                        	ADD	EAX,DWORD [8+EDX]
   544 0000050E 50                              	PUSH	EAX
   545 0000050F 8B 52 0C                        	MOV	EDX,DWORD [12+EDX]
   546 00000512 89 D0                           	MOV	EAX,EDX
   547 00000514 03 46 04                        	ADD	EAX,DWORD [4+ESI]
   548 00000517 50                              	PUSH	EAX
   549 00000518 51                              	PUSH	ECX
   550 00000519 52                              	PUSH	EDX
   551 0000051A 57                              	PUSH	EDI
   552 0000051B E8 FFFFFBBD                     	CALL	_sheet_refreshmap
   553 00000520 FF 75 F0                        	PUSH	DWORD [-16+EBP]
   554 00000523 53                              	PUSH	EBX
   555 00000524 8B 4E 10                        	MOV	ECX,DWORD [16+ESI]
   556 00000527 89 C8                           	MOV	EAX,ECX
   557 00000529 03 46 08                        	ADD	EAX,DWORD [8+ESI]
   558 0000052C 50                              	PUSH	EAX
   559 0000052D 8B 56 0C                        	MOV	EDX,DWORD [12+ESI]
   560 00000530 89 D0                           	MOV	EAX,EDX
   561 00000532 03 46 04                        	ADD	EAX,DWORD [4+ESI]
   562 00000535                                 L137:
   563 00000535 50                              	PUSH	EAX
   564 00000536 51                              	PUSH	ECX
   565 00000537 52                              	PUSH	EDX
   566 00000538 57                              	PUSH	EDI
   567 00000539 E8 FFFFFCFC                     	CALL	_sheet_refreshsub
   568 0000053E 83 C4 34                        	ADD	ESP,52
   569 00000541                                 L98:
   570 00000541 8D 65 F4                        	LEA	ESP,DWORD [-12+EBP]
   571 00000544 5B                              	POP	EBX
   572 00000545 5E                              	POP	ESI
   573 00000546 5F                              	POP	EDI
   574 00000547 5D                              	POP	EBP
   575 00000548 C3                              	RET
   576 00000549                                 L102:
   577 00000549 8B 5D F0                        	MOV	EBX,DWORD [-16+EBP]
   578 0000054C 3B 5F 10                        	CMP	EBX,DWORD [16+EDI]
   579 0000054F 7D 39                           	JGE	L131
   580 00000551                                 L113:
   581 00000551 8B 54 9F 18                     	MOV	EDX,DWORD [24+EDI+EBX*4]
   582 00000555 8B 4C 9F 14                     	MOV	ECX,DWORD [20+EDI+EBX*4]
   583 00000559 8B 02                           	MOV	EAX,DWORD [EDX]
   584 0000055B 89 59 18                        	MOV	DWORD [24+ECX],EBX
   585 0000055E 89 01                           	MOV	DWORD [ECX],EAX
   586 00000560 43                              	INC	EBX
   587 00000561 8B 42 04                        	MOV	EAX,DWORD [4+EDX]
   588 00000564 89 41 04                        	MOV	DWORD [4+ECX],EAX
   589 00000567 8B 42 08                        	MOV	EAX,DWORD [8+EDX]
   590 0000056A 89 41 08                        	MOV	DWORD [8+ECX],EAX
   591 0000056D 8B 42 0C                        	MOV	EAX,DWORD [12+EDX]
   592 00000570 89 41 0C                        	MOV	DWORD [12+ECX],EAX
   593 00000573 8B 42 10                        	MOV	EAX,DWORD [16+EDX]
   594 00000576 89 41 10                        	MOV	DWORD [16+ECX],EAX
   595 00000579 8B 42 14                        	MOV	EAX,DWORD [20+EDX]
   596 0000057C 89 41 14                        	MOV	DWORD [20+ECX],EAX
   597 0000057F 8B 42 1C                        	MOV	EAX,DWORD [28+EDX]
   598 00000582 89 41 1C                        	MOV	DWORD [28+ECX],EAX
   599 00000585 3B 5F 10                        	CMP	EBX,DWORD [16+EDI]
   600 00000588 7C C7                           	JL	L113
   601 0000058A                                 L131:
   602 0000058A 8B 45 08                        	MOV	EAX,DWORD [8+EBP]
   603 0000058D FF 4F 10                        	DEC	DWORD [16+EDI]
   604 00000590 6A 00                           	PUSH	0
   605 00000592 8B 55 08                        	MOV	EDX,DWORD [8+EBP]
   606 00000595 8B 48 10                        	MOV	ECX,DWORD [16+EAX]
   607 00000598 89 D3                           	MOV	EBX,EDX
   608 0000059A 89 C8                           	MOV	EAX,ECX
   609 0000059C 03 42 08                        	ADD	EAX,DWORD [8+EDX]
   610 0000059F 50                              	PUSH	EAX
   611 000005A0 8B 52 0C                        	MOV	EDX,DWORD [12+EDX]
   612 000005A3 89 D0                           	MOV	EAX,EDX
   613 000005A5 03 43 04                        	ADD	EAX,DWORD [4+EBX]
   614 000005A8 50                              	PUSH	EAX
   615 000005A9 51                              	PUSH	ECX
   616 000005AA 52                              	PUSH	EDX
   617 000005AB 57                              	PUSH	EDI
   618 000005AC E8 FFFFFB2C                     	CALL	_sheet_refreshmap
   619 000005B1 8B 45 F0                        	MOV	EAX,DWORD [-16+EBP]
   620 000005B4 48                              	DEC	EAX
   621 000005B5 50                              	PUSH	EAX
   622 000005B6 6A 00                           	PUSH	0
   623 000005B8                                 L136:
   624 000005B8 8B 4B 10                        	MOV	ECX,DWORD [16+EBX]
   625 000005BB 89 C8                           	MOV	EAX,ECX
   626 000005BD 03 43 08                        	ADD	EAX,DWORD [8+EBX]
   627 000005C0 50                              	PUSH	EAX
   628 000005C1 8B 53 0C                        	MOV	EDX,DWORD [12+EBX]
   629 000005C4 89 D0                           	MOV	EAX,EDX
   630 000005C6 03 43 04                        	ADD	EAX,DWORD [4+EBX]
   631 000005C9 E9 FFFFFF67                     	JMP	L137
   632 000005CE                                 L101:
   633 000005CE 39 75 F0                        	CMP	DWORD [-16+EBP],ESI
   634 000005D1 0F 8D FFFFFF6A                  	JGE	L98
   635 000005D7 83 7D F0 00                     	CMP	DWORD [-16+EBP],0
   636 000005DB 78 6B                           	JS	L116
   637 000005DD 8B 5D F0                        	MOV	EBX,DWORD [-16+EBP]
   638 000005E0 39 F3                           	CMP	EBX,ESI
   639 000005E2 7D 38                           	JGE	L133
   640 000005E4                                 L121:
   641 000005E4 8B 54 9F 18                     	MOV	EDX,DWORD [24+EDI+EBX*4]
   642 000005E8 8B 4C 9F 14                     	MOV	ECX,DWORD [20+EDI+EBX*4]
   643 000005EC 8B 02                           	MOV	EAX,DWORD [EDX]
   644 000005EE 89 59 18                        	MOV	DWORD [24+ECX],EBX
   645 000005F1 89 01                           	MOV	DWORD [ECX],EAX
   646 000005F3 43                              	INC	EBX
   647 000005F4 8B 42 04                        	MOV	EAX,DWORD [4+EDX]
   648 000005F7 39 F3                           	CMP	EBX,ESI
   649 000005F9 89 41 04                        	MOV	DWORD [4+ECX],EAX
   650 000005FC 8B 42 08                        	MOV	EAX,DWORD [8+EDX]
   651 000005FF 89 41 08                        	MOV	DWORD [8+ECX],EAX
   652 00000602 8B 42 0C                        	MOV	EAX,DWORD [12+EDX]
   653 00000605 89 41 0C                        	MOV	DWORD [12+ECX],EAX
   654 00000608 8B 42 10                        	MOV	EAX,DWORD [16+EDX]
   655 0000060B 89 41 10                        	MOV	DWORD [16+ECX],EAX
   656 0000060E 8B 42 14                        	MOV	EAX,DWORD [20+EDX]
   657 00000611 89 41 14                        	MOV	DWORD [20+ECX],EAX
   658 00000614 8B 42 1C                        	MOV	EAX,DWORD [28+EDX]
   659 00000617 89 41 1C                        	MOV	DWORD [28+ECX],EAX
   660 0000061A 7C C8                           	JL	L121
   661 0000061C                                 L133:
   662 0000061C 8B 45 08                        	MOV	EAX,DWORD [8+EBP]
   663 0000061F 89 44 B7 14                     	MOV	DWORD [20+EDI+ESI*4],EAX
   664 00000623                                 L122:
   665 00000623 8B 5D 08                        	MOV	EBX,DWORD [8+EBP]
   666 00000626 56                              	PUSH	ESI
   667 00000627 8B 4B 10                        	MOV	ECX,DWORD [16+EBX]
   668 0000062A 89 C8                           	MOV	EAX,ECX
   669 0000062C 03 43 08                        	ADD	EAX,DWORD [8+EBX]
   670 0000062F 50                              	PUSH	EAX
   671 00000630 8B 53 0C                        	MOV	EDX,DWORD [12+EBX]
   672 00000633 89 D0                           	MOV	EAX,EDX
   673 00000635 03 43 04                        	ADD	EAX,DWORD [4+EBX]
   674 00000638 50                              	PUSH	EAX
   675 00000639 51                              	PUSH	ECX
   676 0000063A 52                              	PUSH	EDX
   677 0000063B 57                              	PUSH	EDI
   678 0000063C E8 FFFFFA9C                     	CALL	_sheet_refreshmap
   679 00000641 56                              	PUSH	ESI
   680 00000642 56                              	PUSH	ESI
   681 00000643 E9 FFFFFF70                     	JMP	L136
   682 00000648                                 L116:
   683 00000648 8B 5F 10                        	MOV	EBX,DWORD [16+EDI]
   684 0000064B 39 F3                           	CMP	EBX,ESI
   685 0000064D 7C 38                           	JL	L135
   686 0000064F                                 L127:
   687 0000064F 8B 54 9F 14                     	MOV	EDX,DWORD [20+EDI+EBX*4]
   688 00000653 8B 4C 9F 18                     	MOV	ECX,DWORD [24+EDI+EBX*4]
   689 00000657 43                              	INC	EBX
   690 00000658 8B 02                           	MOV	EAX,DWORD [EDX]
   691 0000065A 89 59 18                        	MOV	DWORD [24+ECX],EBX
   692 0000065D 89 01                           	MOV	DWORD [ECX],EAX
   693 0000065F 39 F3                           	CMP	EBX,ESI
   694 00000661 8B 42 04                        	MOV	EAX,DWORD [4+EDX]
   695 00000664 89 41 04                        	MOV	DWORD [4+ECX],EAX
   696 00000667 8B 42 08                        	MOV	EAX,DWORD [8+EDX]
   697 0000066A 89 41 08                        	MOV	DWORD [8+ECX],EAX
   698 0000066D 8B 42 0C                        	MOV	EAX,DWORD [12+EDX]
   699 00000670 89 41 0C                        	MOV	DWORD [12+ECX],EAX
   700 00000673 8B 42 10                        	MOV	EAX,DWORD [16+EDX]
   701 00000676 89 41 10                        	MOV	DWORD [16+ECX],EAX
   702 00000679 8B 42 14                        	MOV	EAX,DWORD [20+EDX]
   703 0000067C 89 41 14                        	MOV	DWORD [20+ECX],EAX
   704 0000067F 8B 42 1C                        	MOV	EAX,DWORD [28+EDX]
   705 00000682 89 41 1C                        	MOV	DWORD [28+ECX],EAX
   706 00000685 7D C8                           	JGE	L127
   707 00000687                                 L135:
   708 00000687 8B 55 08                        	MOV	EDX,DWORD [8+EBP]
   709 0000068A FF 47 10                        	INC	DWORD [16+EDI]
   710 0000068D 89 54 B7 14                     	MOV	DWORD [20+EDI+ESI*4],EDX
   711 00000691 EB 90                           	JMP	L122
   712 00000693                                 	GLOBAL	_sheet_free
   713 00000693                                 _sheet_free:
   714 00000693 55                              	PUSH	EBP
   715 00000694 89 E5                           	MOV	EBP,ESP
   716 00000696 53                              	PUSH	EBX
   717 00000697 8B 5D 08                        	MOV	EBX,DWORD [8+EBP]
   718 0000069A 83 7B 18 00                     	CMP	DWORD [24+EBX],0
   719 0000069E 78 0A                           	JS	L139
   720 000006A0 6A FF                           	PUSH	-1
   721 000006A2 53                              	PUSH	EBX
   722 000006A3 E8 FFFFFDD4                     	CALL	_sheet_updown
   723 000006A8 58                              	POP	EAX
   724 000006A9 5A                              	POP	EDX
   725 000006AA                                 L139:
   726 000006AA C7 43 1C 00000000               	MOV	DWORD [28+EBX],0
   727 000006B1 8B 5D FC                        	MOV	EBX,DWORD [-4+EBP]
   728 000006B4 C9                              	LEAVE
   729 000006B5 C3                              	RET
