     1 00000000                                 [FORMAT "WCOFF"]
     2 00000000                                 [INSTRSET "i486p"]
     3 00000000                                 [OPTIMIZE 1]
     4 00000000                                 [OPTION 1]
     5 00000000                                 [BITS 32]
     6 00000000                                 	EXTERN	_boxfill8
     7 00000000                                 	EXTERN	_putfonts8_asc
     8 00000000                                 	EXTERN	_sheet_refresh
     9 00000000                                 [FILE "window.c"]
    10                                          [SECTION .text]
    11 00000000                                 	GLOBAL	_make_window8
    12 00000000                                 _make_window8:
    13 00000000 55                              	PUSH	EBP
    14 00000001 89 E5                           	MOV	EBP,ESP
    15 00000003 57                              	PUSH	EDI
    16 00000004 56                              	PUSH	ESI
    17 00000005 53                              	PUSH	EBX
    18 00000006 83 EC 18                        	SUB	ESP,24
    19 00000009 8B 45 10                        	MOV	EAX,DWORD [16+EBP]
    20 0000000C 8B 5D 0C                        	MOV	EBX,DWORD [12+EBP]
    21 0000000F 89 45 F0                        	MOV	DWORD [-16+EBP],EAX
    22 00000012 8B 75 08                        	MOV	ESI,DWORD [8+EBP]
    23 00000015 8B 45 14                        	MOV	EAX,DWORD [20+EBP]
    24 00000018 89 45 EC                        	MOV	DWORD [-20+EBP],EAX
    25 0000001B 0F BE 45 18                     	MOVSX	EAX,BYTE [24+EBP]
    26 0000001F 89 45 E8                        	MOV	DWORD [-24+EBP],EAX
    27 00000022 8D 43 FF                        	LEA	EAX,DWORD [-1+EBX]
    28 00000025 6A 00                           	PUSH	0
    29 00000027 89 45 E4                        	MOV	DWORD [-28+EBP],EAX
    30 0000002A 50                              	PUSH	EAX
    31 0000002B 6A 00                           	PUSH	0
    32 0000002D 6A 00                           	PUSH	0
    33 0000002F 6A 08                           	PUSH	8
    34 00000031 53                              	PUSH	EBX
    35 00000032 56                              	PUSH	ESI
    36 00000033 E8 [00000000]                   	CALL	_boxfill8
    37 00000038 8D 43 FE                        	LEA	EAX,DWORD [-2+EBX]
    38 0000003B 6A 01                           	PUSH	1
    39 0000003D 89 45 E0                        	MOV	DWORD [-32+EBP],EAX
    40 00000040 50                              	PUSH	EAX
    41 00000041 6A 01                           	PUSH	1
    42 00000043 6A 01                           	PUSH	1
    43 00000045 6A 07                           	PUSH	7
    44 00000047 53                              	PUSH	EBX
    45 00000048 56                              	PUSH	ESI
    46 00000049 E8 [00000000]                   	CALL	_boxfill8
    47 0000004E 8B 45 F0                        	MOV	EAX,DWORD [-16+EBP]
    48 00000051 83 C4 38                        	ADD	ESP,56
    49 00000054 48                              	DEC	EAX
    50 00000055 89 45 DC                        	MOV	DWORD [-36+EBP],EAX
    51 00000058 50                              	PUSH	EAX
    52 00000059 6A 00                           	PUSH	0
    53 0000005B 6A 00                           	PUSH	0
    54 0000005D 6A 00                           	PUSH	0
    55 0000005F 6A 08                           	PUSH	8
    56 00000061 53                              	PUSH	EBX
    57 00000062 56                              	PUSH	ESI
    58 00000063 E8 [00000000]                   	CALL	_boxfill8
    59 00000068 8B 7D F0                        	MOV	EDI,DWORD [-16+EBP]
    60 0000006B 83 EF 02                        	SUB	EDI,2
    61 0000006E 57                              	PUSH	EDI
    62 0000006F 6A 01                           	PUSH	1
    63 00000071 6A 01                           	PUSH	1
    64 00000073 6A 01                           	PUSH	1
    65 00000075 6A 07                           	PUSH	7
    66 00000077 53                              	PUSH	EBX
    67 00000078 56                              	PUSH	ESI
    68 00000079 E8 [00000000]                   	CALL	_boxfill8
    69 0000007E 83 C4 38                        	ADD	ESP,56
    70 00000081 57                              	PUSH	EDI
    71 00000082 FF 75 E0                        	PUSH	DWORD [-32+EBP]
    72 00000085 6A 01                           	PUSH	1
    73 00000087 FF 75 E0                        	PUSH	DWORD [-32+EBP]
    74 0000008A 6A 0F                           	PUSH	15
    75 0000008C 53                              	PUSH	EBX
    76 0000008D 56                              	PUSH	ESI
    77 0000008E E8 [00000000]                   	CALL	_boxfill8
    78 00000093 FF 75 DC                        	PUSH	DWORD [-36+EBP]
    79 00000096 FF 75 E4                        	PUSH	DWORD [-28+EBP]
    80 00000099 6A 00                           	PUSH	0
    81 0000009B FF 75 E4                        	PUSH	DWORD [-28+EBP]
    82 0000009E 6A 00                           	PUSH	0
    83 000000A0 53                              	PUSH	EBX
    84 000000A1 56                              	PUSH	ESI
    85 000000A2 E8 [00000000]                   	CALL	_boxfill8
    86 000000A7 8B 45 F0                        	MOV	EAX,DWORD [-16+EBP]
    87 000000AA 83 C4 38                        	ADD	ESP,56
    88 000000AD 83 E8 03                        	SUB	EAX,3
    89 000000B0 50                              	PUSH	EAX
    90 000000B1 8D 43 FD                        	LEA	EAX,DWORD [-3+EBX]
    91 000000B4 50                              	PUSH	EAX
    92 000000B5 6A 02                           	PUSH	2
    93 000000B7 6A 02                           	PUSH	2
    94 000000B9 6A 08                           	PUSH	8
    95 000000BB 53                              	PUSH	EBX
    96 000000BC 56                              	PUSH	ESI
    97 000000BD E8 [00000000]                   	CALL	_boxfill8
    98 000000C2 57                              	PUSH	EDI
    99 000000C3 FF 75 E0                        	PUSH	DWORD [-32+EBP]
   100 000000C6 57                              	PUSH	EDI
   101 000000C7 6A 01                           	PUSH	1
   102 000000C9 6A 0F                           	PUSH	15
   103 000000CB 53                              	PUSH	EBX
   104 000000CC 56                              	PUSH	ESI
   105 000000CD E8 [00000000]                   	CALL	_boxfill8
   106 000000D2 83 C4 38                        	ADD	ESP,56
   107 000000D5 FF 75 DC                        	PUSH	DWORD [-36+EBP]
   108 000000D8 FF 75 E4                        	PUSH	DWORD [-28+EBP]
   109 000000DB FF 75 DC                        	PUSH	DWORD [-36+EBP]
   110 000000DE 6A 00                           	PUSH	0
   111 000000E0 6A 00                           	PUSH	0
   112 000000E2 53                              	PUSH	EBX
   113 000000E3 56                              	PUSH	ESI
   114 000000E4 E8 [00000000]                   	CALL	_boxfill8
   115 000000E9 89 75 08                        	MOV	DWORD [8+EBP],ESI
   116 000000EC 8B 45 E8                        	MOV	EAX,DWORD [-24+EBP]
   117 000000EF 89 5D 0C                        	MOV	DWORD [12+EBP],EBX
   118 000000F2 89 45 14                        	MOV	DWORD [20+EBP],EAX
   119 000000F5 83 C4 1C                        	ADD	ESP,28
   120 000000F8 8B 45 EC                        	MOV	EAX,DWORD [-20+EBP]
   121 000000FB 89 45 10                        	MOV	DWORD [16+EBP],EAX
   122 000000FE 8D 65 F4                        	LEA	ESP,DWORD [-12+EBP]
   123 00000101 5B                              	POP	EBX
   124 00000102 5E                              	POP	ESI
   125 00000103 5F                              	POP	EDI
   126 00000104 5D                              	POP	EBP
   127 00000105 EB 00                           	JMP	_make_wtitle8
   128                                          [SECTION .data]
   129 00000000                                 _clostbtn.0:
   130 00000000 4F 4F 4F 4F 4F 4F 4F 4F 4F 4F   	DB	"OOOOOOOOOOOOOOO@"
       0000000A 4F 4F 4F 4F 4F 40 
   131 00000010 4F 51 51 51 51 51 51 51 51 51   	DB	"OQQQQQQQQQQQQQ$@"
       0000001A 51 51 51 51 24 40 
   132 00000020 4F 51 51 51 51 51 51 51 51 51   	DB	"OQQQQQQQQQQQQQ$@"
       0000002A 51 51 51 51 24 40 
   133 00000030 4F 51 51 51 40 40 51 51 51 51   	DB	"OQQQ@@QQQQ@@QQ$@"
       0000003A 40 40 51 51 24 40 
   134 00000040 4F 51 51 51 51 40 40 51 51 40   	DB	"OQQQQ@@QQ@@QQQ$@"
       0000004A 40 51 51 51 24 40 
   135 00000050 4F 51 51 51 51 51 40 40 40 40   	DB	"OQQQQQ@@@@QQQQ$@"
       0000005A 51 51 51 51 24 40 
   136 00000060 4F 51 51 51 51 51 51 40 40 51   	DB	"OQQQQQQ@@QQQQQ$@"
       0000006A 51 51 51 51 24 40 
   137 00000070 4F 51 51 51 51 51 40 40 40 40   	DB	"OQQQQQ@@@@QQQQ$@"
       0000007A 51 51 51 51 24 40 
   138 00000080 4F 51 51 51 51 40 40 51 51 40   	DB	"OQQQQ@@QQ@@QQQ$@"
       0000008A 40 51 51 51 24 40 
   139 00000090 4F 51 51 51 40 40 51 51 51 51   	DB	"OQQQ@@QQQQ@@QQ$@"
       0000009A 40 40 51 51 24 40 
   140 000000A0 4F 51 51 51 51 51 51 51 51 51   	DB	"OQQQQQQQQQQQQQ$@"
       000000AA 51 51 51 51 24 40 
   141 000000B0 4F 51 51 51 51 51 51 51 51 51   	DB	"OQQQQQQQQQQQQQ$@"
       000000BA 51 51 51 51 24 40 
   142 000000C0 4F 24 24 24 24 24 24 24 24 24   	DB	"O$$$$$$$$$$$$$$@"
       000000CA 24 24 24 24 24 40 
   143 000000D0 40 40 40 40 40 40 40 40 40 40   	DB	"@@@@@@@@@@@@@@@@"
       000000DA 40 40 40 40 40 40 
   144                                          [SECTION .text]
   145 00000107                                 	GLOBAL	_make_wtitle8
   146 00000107                                 _make_wtitle8:
   147 00000107 55                              	PUSH	EBP
   148 00000108 89 E5                           	MOV	EBP,ESP
   149 0000010A 57                              	PUSH	EDI
   150 0000010B 56                              	PUSH	ESI
   151 0000010C 53                              	PUSH	EBX
   152 0000010D 50                              	PUSH	EAX
   153 0000010E 80 7D 14 00                     	CMP	BYTE [20+EBP],0
   154 00000112 0F 84 00000097                  	JE	L3
   155 00000118 B3 07                           	MOV	BL,7
   156 0000011A B2 0C                           	MOV	DL,12
   157 0000011C                                 L4:
   158 0000011C 8B 45 0C                        	MOV	EAX,DWORD [12+EBP]
   159 0000011F 6A 14                           	PUSH	20
   160 00000121 83 E8 04                        	SUB	EAX,4
   161 00000124 31 FF                           	XOR	EDI,EDI
   162 00000126 50                              	PUSH	EAX
   163 00000127 6A 03                           	PUSH	3
   164 00000129 6A 03                           	PUSH	3
   165 0000012B 0F B6 C2                        	MOVZX	EAX,DL
   166 0000012E 50                              	PUSH	EAX
   167 0000012F FF 75 0C                        	PUSH	DWORD [12+EBP]
   168 00000132 FF 75 08                        	PUSH	DWORD [8+EBP]
   169 00000135 E8 [00000000]                   	CALL	_boxfill8
   170 0000013A FF 75 10                        	PUSH	DWORD [16+EBP]
   171 0000013D 0F BE C3                        	MOVSX	EAX,BL
   172 00000140 50                              	PUSH	EAX
   173 00000141 6A 04                           	PUSH	4
   174 00000143 6A 18                           	PUSH	24
   175 00000145 FF 75 0C                        	PUSH	DWORD [12+EBP]
   176 00000148 FF 75 08                        	PUSH	DWORD [8+EBP]
   177 0000014B E8 [00000000]                   	CALL	_putfonts8_asc
   178 00000150 83 C4 34                        	ADD	ESP,52
   179 00000153 6B 5D 0C 05                     	IMUL	EBX,DWORD [12+EBP],5
   180 00000157 C7 45 F0 00000000               	MOV	DWORD [-16+EBP],0
   181 0000015E                                 L20:
   182 0000015E 8B 45 0C                        	MOV	EAX,DWORD [12+EBP]
   183 00000161 8B 55 08                        	MOV	EDX,DWORD [8+EBP]
   184 00000164 01 D8                           	ADD	EAX,EBX
   185 00000166 31 F6                           	XOR	ESI,ESI
   186 00000168 8D 4C 02 EB                     	LEA	ECX,DWORD [-21+EDX+EAX*1]
   187 0000016C                                 L19:
   188 0000016C 8A 94 3E [00000000]             	MOV	DL,BYTE [_clostbtn.0+ESI+EDI*1]
   189 00000173 80 FA 40                        	CMP	DL,64
   190 00000176 74 33                           	JE	L25
   191 00000178 80 FA 24                        	CMP	DL,36
   192 0000017B 74 2A                           	JE	L26
   193 0000017D 80 FA 51                        	CMP	DL,81
   194 00000180 B2 08                           	MOV	DL,8
   195 00000182 0F 95 C0                        	SETNE	AL
   196 00000185 28 C2                           	SUB	DL,AL
   197 00000187                                 L14:
   198 00000187 46                              	INC	ESI
   199 00000188 88 11                           	MOV	BYTE [ECX],DL
   200 0000018A 41                              	INC	ECX
   201 0000018B 83 FE 0F                        	CMP	ESI,15
   202 0000018E 7E DC                           	JLE	L19
   203 00000190 FF 45 F0                        	INC	DWORD [-16+EBP]
   204 00000193 83 C7 10                        	ADD	EDI,16
   205 00000196 03 5D 0C                        	ADD	EBX,DWORD [12+EBP]
   206 00000199 83 7D F0 0D                     	CMP	DWORD [-16+EBP],13
   207 0000019D 7E BF                           	JLE	L20
   208 0000019F 8D 65 F4                        	LEA	ESP,DWORD [-12+EBP]
   209 000001A2 5B                              	POP	EBX
   210 000001A3 5E                              	POP	ESI
   211 000001A4 5F                              	POP	EDI
   212 000001A5 5D                              	POP	EBP
   213 000001A6 C3                              	RET
   214 000001A7                                 L26:
   215 000001A7 B2 0F                           	MOV	DL,15
   216 000001A9 EB DC                           	JMP	L14
   217 000001AB                                 L25:
   218 000001AB 31 D2                           	XOR	EDX,EDX
   219 000001AD EB D8                           	JMP	L14
   220 000001AF                                 L3:
   221 000001AF B3 08                           	MOV	BL,8
   222 000001B1 B2 0F                           	MOV	DL,15
   223 000001B3 E9 FFFFFF64                     	JMP	L4
   224 000001B8                                 	GLOBAL	_make_textbox8
   225 000001B8                                 _make_textbox8:
   226 000001B8 55                              	PUSH	EBP
   227 000001B9 89 E5                           	MOV	EBP,ESP
   228 000001BB 57                              	PUSH	EDI
   229 000001BC 56                              	PUSH	ESI
   230 000001BD 53                              	PUSH	EBX
   231 000001BE 83 EC 14                        	SUB	ESP,20
   232 000001C1 8B 45 0C                        	MOV	EAX,DWORD [12+EBP]
   233 000001C4 8B 75 10                        	MOV	ESI,DWORD [16+EBP]
   234 000001C7 03 45 14                        	ADD	EAX,DWORD [20+EBP]
   235 000001CA 83 EE 03                        	SUB	ESI,3
   236 000001CD 56                              	PUSH	ESI
   237 000001CE 89 45 F0                        	MOV	DWORD [-16+EBP],EAX
   238 000001D1 8B 45 10                        	MOV	EAX,DWORD [16+EBP]
   239 000001D4 03 45 18                        	ADD	EAX,DWORD [24+EBP]
   240 000001D7 89 45 EC                        	MOV	DWORD [-20+EBP],EAX
   241 000001DA 8B 45 F0                        	MOV	EAX,DWORD [-16+EBP]
   242 000001DD 40                              	INC	EAX
   243 000001DE 50                              	PUSH	EAX
   244 000001DF 89 45 E8                        	MOV	DWORD [-24+EBP],EAX
   245 000001E2 8B 45 0C                        	MOV	EAX,DWORD [12+EBP]
   246 000001E5 56                              	PUSH	ESI
   247 000001E6 83 E8 02                        	SUB	EAX,2
   248 000001E9 50                              	PUSH	EAX
   249 000001EA 89 45 E4                        	MOV	DWORD [-28+EBP],EAX
   250 000001ED 8B 45 08                        	MOV	EAX,DWORD [8+EBP]
   251 000001F0 6A 0F                           	PUSH	15
   252 000001F2 FF 70 04                        	PUSH	DWORD [4+EAX]
   253 000001F5 FF 30                           	PUSH	DWORD [EAX]
   254 000001F7 E8 [00000000]                   	CALL	_boxfill8
   255 000001FC 8B 7D 0C                        	MOV	EDI,DWORD [12+EBP]
   256 000001FF 8B 45 EC                        	MOV	EAX,DWORD [-20+EBP]
   257 00000202 83 EF 03                        	SUB	EDI,3
   258 00000205 40                              	INC	EAX
   259 00000206 50                              	PUSH	EAX
   260 00000207 89 45 E0                        	MOV	DWORD [-32+EBP],EAX
   261 0000020A 57                              	PUSH	EDI
   262 0000020B 8B 45 08                        	MOV	EAX,DWORD [8+EBP]
   263 0000020E 56                              	PUSH	ESI
   264 0000020F 57                              	PUSH	EDI
   265 00000210 6A 0F                           	PUSH	15
   266 00000212 FF 70 04                        	PUSH	DWORD [4+EAX]
   267 00000215 FF 30                           	PUSH	DWORD [EAX]
   268 00000217 E8 [00000000]                   	CALL	_boxfill8
   269 0000021C 8B 45 08                        	MOV	EAX,DWORD [8+EBP]
   270 0000021F 83 C4 38                        	ADD	ESP,56
   271 00000222 8B 5D EC                        	MOV	EBX,DWORD [-20+EBP]
   272 00000225 83 C3 02                        	ADD	EBX,2
   273 00000228 53                              	PUSH	EBX
   274 00000229 FF 75 E8                        	PUSH	DWORD [-24+EBP]
   275 0000022C 53                              	PUSH	EBX
   276 0000022D 57                              	PUSH	EDI
   277 0000022E 6A 07                           	PUSH	7
   278 00000230 FF 70 04                        	PUSH	DWORD [4+EAX]
   279 00000233 FF 30                           	PUSH	DWORD [EAX]
   280 00000235 E8 [00000000]                   	CALL	_boxfill8
   281 0000023A 8B 45 F0                        	MOV	EAX,DWORD [-16+EBP]
   282 0000023D 53                              	PUSH	EBX
   283 0000023E 83 C0 02                        	ADD	EAX,2
   284 00000241 50                              	PUSH	EAX
   285 00000242 56                              	PUSH	ESI
   286 00000243 50                              	PUSH	EAX
   287 00000244 8B 45 08                        	MOV	EAX,DWORD [8+EBP]
   288 00000247 6A 07                           	PUSH	7
   289 00000249 FF 70 04                        	PUSH	DWORD [4+EAX]
   290 0000024C FF 30                           	PUSH	DWORD [EAX]
   291 0000024E E8 [00000000]                   	CALL	_boxfill8
   292 00000253 8B 45 08                        	MOV	EAX,DWORD [8+EBP]
   293 00000256 83 C4 38                        	ADD	ESP,56
   294 00000259 8B 5D 10                        	MOV	EBX,DWORD [16+EBP]
   295 0000025C 83 EB 02                        	SUB	EBX,2
   296 0000025F 8B 7D 0C                        	MOV	EDI,DWORD [12+EBP]
   297 00000262 53                              	PUSH	EBX
   298 00000263 4F                              	DEC	EDI
   299 00000264 FF 75 F0                        	PUSH	DWORD [-16+EBP]
   300 00000267 53                              	PUSH	EBX
   301 00000268 57                              	PUSH	EDI
   302 00000269 6A 00                           	PUSH	0
   303 0000026B FF 70 04                        	PUSH	DWORD [4+EAX]
   304 0000026E FF 30                           	PUSH	DWORD [EAX]
   305 00000270 E8 [00000000]                   	CALL	_boxfill8
   306 00000275 8B 45 08                        	MOV	EAX,DWORD [8+EBP]
   307 00000278 FF 75 EC                        	PUSH	DWORD [-20+EBP]
   308 0000027B FF 75 E4                        	PUSH	DWORD [-28+EBP]
   309 0000027E 53                              	PUSH	EBX
   310 0000027F FF 75 E4                        	PUSH	DWORD [-28+EBP]
   311 00000282 6A 00                           	PUSH	0
   312 00000284 FF 70 04                        	PUSH	DWORD [4+EAX]
   313 00000287 FF 30                           	PUSH	DWORD [EAX]
   314 00000289 E8 [00000000]                   	CALL	_boxfill8
   315 0000028E 8B 45 08                        	MOV	EAX,DWORD [8+EBP]
   316 00000291 83 C4 38                        	ADD	ESP,56
   317 00000294 FF 75 E0                        	PUSH	DWORD [-32+EBP]
   318 00000297 FF 75 F0                        	PUSH	DWORD [-16+EBP]
   319 0000029A FF 75 E0                        	PUSH	DWORD [-32+EBP]
   320 0000029D FF 75 E4                        	PUSH	DWORD [-28+EBP]
   321 000002A0 6A 08                           	PUSH	8
   322 000002A2 FF 70 04                        	PUSH	DWORD [4+EAX]
   323 000002A5 FF 30                           	PUSH	DWORD [EAX]
   324 000002A7 E8 [00000000]                   	CALL	_boxfill8
   325 000002AC 8B 45 08                        	MOV	EAX,DWORD [8+EBP]
   326 000002AF FF 75 E0                        	PUSH	DWORD [-32+EBP]
   327 000002B2 FF 75 E8                        	PUSH	DWORD [-24+EBP]
   328 000002B5 53                              	PUSH	EBX
   329 000002B6 FF 75 E8                        	PUSH	DWORD [-24+EBP]
   330 000002B9 6A 08                           	PUSH	8
   331 000002BB FF 70 04                        	PUSH	DWORD [4+EAX]
   332 000002BE FF 30                           	PUSH	DWORD [EAX]
   333 000002C0 E8 [00000000]                   	CALL	_boxfill8
   334 000002C5 8B 45 10                        	MOV	EAX,DWORD [16+EBP]
   335 000002C8 83 C4 38                        	ADD	ESP,56
   336 000002CB 48                              	DEC	EAX
   337 000002CC FF 75 EC                        	PUSH	DWORD [-20+EBP]
   338 000002CF FF 75 F0                        	PUSH	DWORD [-16+EBP]
   339 000002D2 50                              	PUSH	EAX
   340 000002D3 57                              	PUSH	EDI
   341 000002D4 0F B6 45 1C                     	MOVZX	EAX,BYTE [28+EBP]
   342 000002D8 50                              	PUSH	EAX
   343 000002D9 8B 45 08                        	MOV	EAX,DWORD [8+EBP]
   344 000002DC FF 70 04                        	PUSH	DWORD [4+EAX]
   345 000002DF FF 30                           	PUSH	DWORD [EAX]
   346 000002E1 E8 [00000000]                   	CALL	_boxfill8
   347 000002E6 8D 65 F4                        	LEA	ESP,DWORD [-12+EBP]
   348 000002E9 5B                              	POP	EBX
   349 000002EA 5E                              	POP	ESI
   350 000002EB 5F                              	POP	EDI
   351 000002EC 5D                              	POP	EBP
   352 000002ED C3                              	RET
   353 000002EE                                 	GLOBAL	_putfonts8_asc_sht
   354 000002EE                                 _putfonts8_asc_sht:
   355 000002EE 55                              	PUSH	EBP
   356 000002EF 89 E5                           	MOV	EBP,ESP
   357 000002F1 57                              	PUSH	EDI
   358 000002F2 56                              	PUSH	ESI
   359 000002F3 53                              	PUSH	EBX
   360 000002F4 83 EC 0C                        	SUB	ESP,12
   361 000002F7 8B 45 08                        	MOV	EAX,DWORD [8+EBP]
   362 000002FA 8B 7D 10                        	MOV	EDI,DWORD [16+EBP]
   363 000002FD 89 45 F0                        	MOV	DWORD [-16+EBP],EAX
   364 00000300 8B 5D 14                        	MOV	EBX,DWORD [20+EBP]
   365 00000303 8B 45 0C                        	MOV	EAX,DWORD [12+EBP]
   366 00000306 89 45 EC                        	MOV	DWORD [-20+EBP],EAX
   367 00000309 8B 45 1C                        	MOV	EAX,DWORD [28+EBP]
   368 0000030C 89 45 E8                        	MOV	DWORD [-24+EBP],EAX
   369 0000030F 8D 47 0F                        	LEA	EAX,DWORD [15+EDI]
   370 00000312 50                              	PUSH	EAX
   371 00000313 8B 45 EC                        	MOV	EAX,DWORD [-20+EBP]
   372 00000316 8B 75 20                        	MOV	ESI,DWORD [32+EBP]
   373 00000319 0F BE DB                        	MOVSX	EBX,BL
   374 0000031C 8D 34 F0                        	LEA	ESI,DWORD [EAX+ESI*8]
   375 0000031F 8D 46 FF                        	LEA	EAX,DWORD [-1+ESI]
   376 00000322 50                              	PUSH	EAX
   377 00000323 57                              	PUSH	EDI
   378 00000324 FF 75 EC                        	PUSH	DWORD [-20+EBP]
   379 00000327 0F B6 45 18                     	MOVZX	EAX,BYTE [24+EBP]
   380 0000032B 50                              	PUSH	EAX
   381 0000032C 8B 45 F0                        	MOV	EAX,DWORD [-16+EBP]
   382 0000032F FF 70 04                        	PUSH	DWORD [4+EAX]
   383 00000332 FF 30                           	PUSH	DWORD [EAX]
   384 00000334 E8 [00000000]                   	CALL	_boxfill8
   385 00000339 FF 75 E8                        	PUSH	DWORD [-24+EBP]
   386 0000033C 53                              	PUSH	EBX
   387 0000033D 57                              	PUSH	EDI
   388 0000033E FF 75 EC                        	PUSH	DWORD [-20+EBP]
   389 00000341 8B 45 F0                        	MOV	EAX,DWORD [-16+EBP]
   390 00000344 FF 70 04                        	PUSH	DWORD [4+EAX]
   391 00000347 FF 30                           	PUSH	DWORD [EAX]
   392 00000349 E8 [00000000]                   	CALL	_putfonts8_asc
   393 0000034E 89 7D 10                        	MOV	DWORD [16+EBP],EDI
   394 00000351 8D 47 10                        	LEA	EAX,DWORD [16+EDI]
   395 00000354 89 75 14                        	MOV	DWORD [20+EBP],ESI
   396 00000357 89 45 18                        	MOV	DWORD [24+EBP],EAX
   397 0000035A 83 C4 34                        	ADD	ESP,52
   398 0000035D 8B 45 EC                        	MOV	EAX,DWORD [-20+EBP]
   399 00000360 89 45 0C                        	MOV	DWORD [12+EBP],EAX
   400 00000363 8B 45 F0                        	MOV	EAX,DWORD [-16+EBP]
   401 00000366 89 45 08                        	MOV	DWORD [8+EBP],EAX
   402 00000369 8D 65 F4                        	LEA	ESP,DWORD [-12+EBP]
   403 0000036C 5B                              	POP	EBX
   404 0000036D 5E                              	POP	ESI
   405 0000036E 5F                              	POP	EDI
   406 0000036F 5D                              	POP	EBP
   407 00000370 E9 [00000000]                   	JMP	_sheet_refresh
